<?xml version="1.0" encoding="UTF-8"?>
<testng-results skipped="0" failed="0" ignored="0" total="34" passed="34">
  <reporter-output>
  </reporter-output>
  <suite name="Report" duration-ms="6213" started-at="2020-06-10T07:09:32Z" finished-at="2020-06-10T07:09:38Z">
    <groups>
    </groups>
    <test name="TestCaseTest" duration-ms="6213" started-at="2020-06-10T07:09:32Z" finished-at="2020-06-10T07:09:38Z">
      <class name="com.xuehai.response.testCase.Teacher.PutGroupsSilence">
        <test-method status="PASS" signature="beforeClass(java.lang.String)[pri:0, instance:com.xuehai.response.testCase.Teacher.PutGroupsSilence@5b275dab]" name="beforeClass" is-config="true" duration-ms="3" started-at="2020-06-10T15:09:37Z" finished-at="2020-06-10T15:09:37Z">
          <params>
            <param index="0">
              <value>
                <![CDATA[src/test/resources/case.xml]]>
              </value>
            </param>
          </params>
          <reporter-output>
          </reporter-output>
        </test-method> <!-- beforeClass -->
        <test-method status="PASS" signature="action(com.xuehai.model.Entity)[pri:0, instance:com.xuehai.response.testCase.Teacher.PutGroupsSilence@5b275dab]" name="action" duration-ms="44" started-at="2020-06-10T15:09:37Z" description="增加或删除用户禁言" data-provider="data" finished-at="2020-06-10T15:09:37Z">
          <params>
            <param index="0">
              <value>
                <![CDATA[Entity [id=case1, description=正常数据, domain=http://192.168.10.17:8084, url=/api/v1/users/152424/groups/67487/silence, urlParam=, method=PUT, header=[Authorization=Bearer eyJhbGciOiJIUzUxMiJ9.eyJ1aWQiOiIxNTI0MTQiLCJzdWIiOiJwdGNzMiIsImNyZWF0ZWQiOjE1OTE3NzI5NzM1MTYsInJlcGVhdCI6ZmFsc2UsImF1dGhvcml0eSI6bnVsbCwiaXNzIjoiNmhTTmpXRzYzWGZlVGpTUDlrMTFVNHpCWHVFdUtpSkMiLCJleHAiOjE1OTIzNzc3NzMsInZlcnNpb24iOiIxMjcwNjE0MDYwMzYyMTA0ODYwIiwic2lkIjoiNmEyNzdkZjcyYWFkNGRhYzhiZTIyZTJlMDgwYjc5NzAifQ.6vwYIQBg-koeWIcsCdkxwctNhZJmmkJEw3w09M_qR9lSAkIGQ3_KOlmmHsPqohCHD86vWDZgLJUyGIQBkY1plQ,content-type=application/json], queryString=&sign=192ea7eac17b46582f2af321d910e2e8&t=1591772977759, bodyData={"adds":[152425,152569],"removes":[]}, assertion={"invokeType":1,"action":"first","assertType":1,"assertKey":["responseCode"]}, authToken=null, sign=false, mock=null]]]>
              </value>
            </param>
          </params>
          <reporter-output>
          </reporter-output>
        </test-method> <!-- action -->
        <test-method status="PASS" signature="afterClass()[pri:0, instance:com.xuehai.response.testCase.Teacher.PutGroupsSilence@5b275dab]" name="afterClass" is-config="true" duration-ms="29" started-at="2020-06-10T15:09:37Z" finished-at="2020-06-10T15:09:37Z">
          <reporter-output>
          </reporter-output>
        </test-method> <!-- afterClass -->
      </class> <!-- com.xuehai.response.testCase.Teacher.PutGroupsSilence -->
      <class name="com.xuehai.response.testCase.Teacher.PatchUsersGroups">
        <test-method status="PASS" signature="beforeClass(java.lang.String)[pri:0, instance:com.xuehai.response.testCase.Teacher.PatchUsersGroups@523884b2]" name="beforeClass" is-config="true" duration-ms="3" started-at="2020-06-10T15:09:37Z" finished-at="2020-06-10T15:09:37Z">
          <params>
            <param index="0">
              <value>
                <![CDATA[src/test/resources/case.xml]]>
              </value>
            </param>
          </params>
          <reporter-output>
          </reporter-output>
        </test-method> <!-- beforeClass -->
        <test-method status="PASS" signature="action(com.xuehai.model.Entity)[pri:0, instance:com.xuehai.response.testCase.Teacher.PatchUsersGroups@523884b2]" name="action" duration-ms="16" started-at="2020-06-10T15:09:37Z" description="修改群聊信息" data-provider="data" finished-at="2020-06-10T15:09:37Z">
          <params>
            <param index="0">
              <value>
                <![CDATA[Entity [id=case1, description=正常数据, domain=http://192.168.10.17:8084, url=/api/v1/users/152424/groups/31566, urlParam=, method=PATCH, header=[Authorization=Bearer eyJhbGciOiJIUzUxMiJ9.eyJ1aWQiOiIxNTI0MjQiLCJzdWIiOiJwdGxzMyIsImNyZWF0ZWQiOjE1OTE3NzI5NzQ1MjQsInJlcGVhdCI6ZmFsc2UsImF1dGhvcml0eSI6bnVsbCwiaXNzIjoiNmhTTmpXRzYzWGZlVGpTUDlrMTFVNHpCWHVFdUtpSkMiLCJleHAiOjE1OTIzNzc3NzQsInZlcnNpb24iOiIxMjcwNjE0MDY0NTg5OTYzMzMwIiwic2lkIjoiMTA0MWI1ZmU5OTEwNDc1OTg4ZmE4ODFlOGUzOGYyZGEifQ.idmsVcKnZrWuX-WieinF8qJyGZZvLWaaHIGRBE_GIpIZl1u7RWdTlEXzVQUcOTtHW8sHZfdcagDYH3HcZ5D5Cw,content-type=application/json], queryString=&sign=bb7c7cf3852116a3760ab04ccaa98c16&t=1591772977709, bodyData={"joinedMembers":[],"name":"段誉、郭靖、令狐冲、黄蓉、华筝","removedMembers":[]}, assertion={"invokeType":1,"action":"first","assertType":1,"assertKey":["responseCode"]}, authToken=null, sign=false, mock=null]]]>
              </value>
            </param>
          </params>
          <reporter-output>
          </reporter-output>
        </test-method> <!-- action -->
        <test-method status="PASS" signature="afterClass()[pri:0, instance:com.xuehai.response.testCase.Teacher.PatchUsersGroups@523884b2]" name="afterClass" is-config="true" duration-ms="30" started-at="2020-06-10T15:09:37Z" finished-at="2020-06-10T15:09:37Z">
          <reporter-output>
          </reporter-output>
        </test-method> <!-- afterClass -->
      </class> <!-- com.xuehai.response.testCase.Teacher.PatchUsersGroups -->
      <class name="com.xuehai.response.testCase.Teacher.DeleteUsersShields">
        <test-method status="PASS" signature="beforeClass(java.lang.String)[pri:0, instance:com.xuehai.response.testCase.Teacher.DeleteUsersShields@68c4039c]" name="beforeClass" is-config="true" duration-ms="3" started-at="2020-06-10T15:09:38Z" finished-at="2020-06-10T15:09:38Z">
          <params>
            <param index="0">
              <value>
                <![CDATA[src/test/resources/case.xml]]>
              </value>
            </param>
          </params>
          <reporter-output>
          </reporter-output>
        </test-method> <!-- beforeClass -->
        <test-method status="PASS" signature="action(com.xuehai.model.Entity)[pri:0, instance:com.xuehai.response.testCase.Teacher.DeleteUsersShields@68c4039c]" name="action" duration-ms="17" started-at="2020-06-10T15:09:38Z" description="取消屏蔽对方" data-provider="data" finished-at="2020-06-10T15:09:38Z">
          <params>
            <param index="0">
              <value>
                <![CDATA[Entity [id=case1, description=正常数据, domain=http://192.168.10.17:8084, url=/api/v1/users/152424/shields/, urlParam=, method=DELETE, header=[Authorization=Bearer eyJhbGciOiJIUzUxMiJ9.eyJ1aWQiOiIxNTI0MTQiLCJzdWIiOiJwdGNzMiIsImNyZWF0ZWQiOjE1OTE3NzI5NzM1MTYsInJlcGVhdCI6ZmFsc2UsImF1dGhvcml0eSI6bnVsbCwiaXNzIjoiNmhTTmpXRzYzWGZlVGpTUDlrMTFVNHpCWHVFdUtpSkMiLCJleHAiOjE1OTIzNzc3NzMsInZlcnNpb24iOiIxMjcwNjE0MDYwMzYyMTA0ODYwIiwic2lkIjoiNmEyNzdkZjcyYWFkNGRhYzhiZTIyZTJlMDgwYjc5NzAifQ.6vwYIQBg-koeWIcsCdkxwctNhZJmmkJEw3w09M_qR9lSAkIGQ3_KOlmmHsPqohCHD86vWDZgLJUyGIQBkY1plQ,content-type=application/json], queryString=peerIds=152414&sign=2a32dcf17a48996f6b073258dca390d8&t=1591772978718, bodyData=, assertion={"invokeType":1,"action":"first","assertType":1,"assertKey":["responseCode"]}, authToken=null, sign=false, mock=null]]]>
              </value>
            </param>
          </params>
          <reporter-output>
          </reporter-output>
        </test-method> <!-- action -->
        <test-method status="PASS" signature="afterClass()[pri:0, instance:com.xuehai.response.testCase.Teacher.DeleteUsersShields@68c4039c]" name="afterClass" is-config="true" duration-ms="31" started-at="2020-06-10T15:09:38Z" finished-at="2020-06-10T15:09:38Z">
          <reporter-output>
          </reporter-output>
        </test-method> <!-- afterClass -->
      </class> <!-- com.xuehai.response.testCase.Teacher.DeleteUsersShields -->
      <class name="com.xuehai.response.testCase.Teacher.GetSessionMessages">
        <test-method status="PASS" signature="beforeClass(java.lang.String)[pri:0, instance:com.xuehai.response.testCase.Teacher.GetSessionMessages@475530b9]" name="beforeClass" is-config="true" duration-ms="4" started-at="2020-06-10T15:09:35Z" finished-at="2020-06-10T15:09:35Z">
          <params>
            <param index="0">
              <value>
                <![CDATA[src/test/resources/case.xml]]>
              </value>
            </param>
          </params>
          <reporter-output>
          </reporter-output>
        </test-method> <!-- beforeClass -->
        <test-method status="PASS" signature="action(com.xuehai.model.Entity)[pri:0, instance:com.xuehai.response.testCase.Teacher.GetSessionMessages@475530b9]" name="action" duration-ms="27" started-at="2020-06-10T15:09:35Z" description="获取会话历史消息列表" data-provider="data" finished-at="2020-06-10T15:09:35Z">
          <params>
            <param index="0">
              <value>
                <![CDATA[Entity [id=case1, description=正常数据, domain=http://192.168.10.17:8084, url=/api/v1/users/152424/sessions/152569/messages/, urlParam=, method=GET, header=[Authorization=Bearer eyJhbGciOiJIUzUxMiJ9.eyJ1aWQiOiIxNTI0MjQiLCJzdWIiOiJwdGxzMyIsImNyZWF0ZWQiOjE1OTE3NzI5NzQ1MjQsInJlcGVhdCI6ZmFsc2UsImF1dGhvcml0eSI6bnVsbCwiaXNzIjoiNmhTTmpXRzYzWGZlVGpTUDlrMTFVNHpCWHVFdUtpSkMiLCJleHAiOjE1OTIzNzc3NzQsInZlcnNpb24iOiIxMjcwNjE0MDY0NTg5OTYzMzMwIiwic2lkIjoiMTA0MWI1ZmU5OTEwNDc1OTg4ZmE4ODFlOGUzOGYyZGEifQ.idmsVcKnZrWuX-WieinF8qJyGZZvLWaaHIGRBE_GIpIZl1u7RWdTlEXzVQUcOTtHW8sHZfdcagDYH3HcZ5D5Cw,content-type=application/json], queryString=sessionType=SINGLE&msgCount=12&msgIdBegin=13&sign=43e269c1464449fcb17eb0e4cb98001e&t=1591772975601, bodyData=, assertion={"invokeType":1,"action":"first","assertType":1,"assertKey":["responseCode"]}, authToken=null, sign=false, mock=null]]]>
              </value>
            </param>
          </params>
          <reporter-output>
          </reporter-output>
        </test-method> <!-- action -->
        <test-method status="PASS" signature="afterClass()[pri:0, instance:com.xuehai.response.testCase.Teacher.GetSessionMessages@475530b9]" name="afterClass" is-config="true" duration-ms="40" started-at="2020-06-10T15:09:35Z" finished-at="2020-06-10T15:09:35Z">
          <reporter-output>
          </reporter-output>
        </test-method> <!-- afterClass -->
      </class> <!-- com.xuehai.response.testCase.Teacher.GetSessionMessages -->
      <class name="com.xuehai.response.testCase.Teacher.PatchMessagesRevoke">
        <test-method status="PASS" signature="beforeClass(java.lang.String)[pri:0, instance:com.xuehai.response.testCase.Teacher.PatchMessagesRevoke@d8355a8]" name="beforeClass" is-config="true" duration-ms="3" started-at="2020-06-10T15:09:36Z" finished-at="2020-06-10T15:09:36Z">
          <params>
            <param index="0">
              <value>
                <![CDATA[src/test/resources/case.xml]]>
              </value>
            </param>
          </params>
          <reporter-output>
          </reporter-output>
        </test-method> <!-- beforeClass -->
        <test-method status="PASS" signature="action(com.xuehai.model.Entity)[pri:0, instance:com.xuehai.response.testCase.Teacher.PatchMessagesRevoke@d8355a8]" name="action" duration-ms="68" started-at="2020-06-10T15:09:36Z" description="撤回消息" data-provider="data" finished-at="2020-06-10T15:09:37Z">
          <params>
            <param index="0">
              <value>
                <![CDATA[Entity [id=case1, description=正常数据, domain=http://192.168.10.17:8084, url=/api/v1/users/152424/sessions/152414/messages/10366/revoke, urlParam=, method=PATCH, header=[Authorization=Bearer eyJhbGciOiJIUzUxMiJ9.eyJ1aWQiOiIxNTI0MjQiLCJzdWIiOiJwdGxzMyIsImNyZWF0ZWQiOjE1OTE3NzI5NzQ1MjQsInJlcGVhdCI6ZmFsc2UsImF1dGhvcml0eSI6bnVsbCwiaXNzIjoiNmhTTmpXRzYzWGZlVGpTUDlrMTFVNHpCWHVFdUtpSkMiLCJleHAiOjE1OTIzNzc3NzQsInZlcnNpb24iOiIxMjcwNjE0MDY0NTg5OTYzMzMwIiwic2lkIjoiMTA0MWI1ZmU5OTEwNDc1OTg4ZmE4ODFlOGUzOGYyZGEifQ.idmsVcKnZrWuX-WieinF8qJyGZZvLWaaHIGRBE_GIpIZl1u7RWdTlEXzVQUcOTtHW8sHZfdcagDYH3HcZ5D5Cw,content-type=application/json], queryString=sessionType=SINGLE&sign=fe2676d2453c269f47d6011ac67b9e91&t=1591772976996, bodyData=, assertion={"invokeType":1,"action":"first","assertType":1,"assertKey":["responseCode"]}, authToken=null, sign=false, mock=null]]]>
              </value>
            </param>
          </params>
          <reporter-output>
          </reporter-output>
        </test-method> <!-- action -->
        <test-method status="PASS" signature="afterClass()[pri:0, instance:com.xuehai.response.testCase.Teacher.PatchMessagesRevoke@d8355a8]" name="afterClass" is-config="true" duration-ms="30" started-at="2020-06-10T15:09:37Z" finished-at="2020-06-10T15:09:37Z">
          <reporter-output>
          </reporter-output>
        </test-method> <!-- afterClass -->
      </class> <!-- com.xuehai.response.testCase.Teacher.PatchMessagesRevoke -->
      <class name="com.xuehai.response.testCase.Teacher.GetMessagesUnread">
        <test-method status="PASS" signature="beforeClass(java.lang.String)[pri:0, instance:com.xuehai.response.testCase.Teacher.GetMessagesUnread@4c70fda8]" name="beforeClass" is-config="true" duration-ms="9" started-at="2020-06-10T15:09:35Z" finished-at="2020-06-10T15:09:35Z">
          <params>
            <param index="0">
              <value>
                <![CDATA[src/test/resources/case.xml]]>
              </value>
            </param>
          </params>
          <reporter-output>
          </reporter-output>
        </test-method> <!-- beforeClass -->
        <test-method status="PASS" signature="action(com.xuehai.model.Entity)[pri:0, instance:com.xuehai.response.testCase.Teacher.GetMessagesUnread@4c70fda8]" name="action" duration-ms="858" started-at="2020-06-10T15:09:35Z" description="获取未读消息" data-provider="data" finished-at="2020-06-10T15:09:36Z">
          <params>
            <param index="0">
              <value>
                <![CDATA[Entity [id=case1, description=正常数据, domain=http://192.168.10.17:8084, url=/api/v1/users/152424/messages/unread, urlParam=, method=GET, header=[Authorization=Bearer eyJhbGciOiJIUzUxMiJ9.eyJ1aWQiOiIxNTI0MjQiLCJzdWIiOiJwdGxzMyIsImNyZWF0ZWQiOjE1OTE3NzI5NzQ1MjQsInJlcGVhdCI6ZmFsc2UsImF1dGhvcml0eSI6bnVsbCwiaXNzIjoiNmhTTmpXRzYzWGZlVGpTUDlrMTFVNHpCWHVFdUtpSkMiLCJleHAiOjE1OTIzNzc3NzQsInZlcnNpb24iOiIxMjcwNjE0MDY0NTg5OTYzMzMwIiwic2lkIjoiMTA0MWI1ZmU5OTEwNDc1OTg4ZmE4ODFlOGUzOGYyZGEifQ.idmsVcKnZrWuX-WieinF8qJyGZZvLWaaHIGRBE_GIpIZl1u7RWdTlEXzVQUcOTtHW8sHZfdcagDYH3HcZ5D5Cw,content-type=application/json], queryString=version=-1&sign=338a9324ab22ec60e7b9cf5e7cb44932&t=1591772975824, bodyData=, assertion={"invokeType":1,"action":"first","assertType":1,"assertKey":["responseCode"]}, authToken=null, sign=false, mock=null]]]>
              </value>
            </param>
          </params>
          <reporter-output>
          </reporter-output>
        </test-method> <!-- action -->
        <test-method status="PASS" signature="afterClass()[pri:0, instance:com.xuehai.response.testCase.Teacher.GetMessagesUnread@4c70fda8]" name="afterClass" is-config="true" duration-ms="39" started-at="2020-06-10T15:09:36Z" finished-at="2020-06-10T15:09:36Z">
          <reporter-output>
          </reporter-output>
        </test-method> <!-- afterClass -->
      </class> <!-- com.xuehai.response.testCase.Teacher.GetMessagesUnread -->
      <class name="com.xuehai.response.testCase.Teacher.DeleteShieldNotes">
        <test-method status="PASS" signature="beforeClass(java.lang.String)[pri:0, instance:com.xuehai.response.testCase.Teacher.DeleteShieldNotes@26653222]" name="beforeClass" is-config="true" duration-ms="3" started-at="2020-06-10T15:09:38Z" finished-at="2020-06-10T15:09:38Z">
          <params>
            <param index="0">
              <value>
                <![CDATA[src/test/resources/case.xml]]>
              </value>
            </param>
          </params>
          <reporter-output>
          </reporter-output>
        </test-method> <!-- beforeClass -->
        <test-method status="PASS" signature="action(com.xuehai.model.Entity)[pri:0, instance:com.xuehai.response.testCase.Teacher.DeleteShieldNotes@26653222]" name="action" duration-ms="20" started-at="2020-06-10T15:09:38Z" description="取消屏蔽发送便签" data-provider="data" finished-at="2020-06-10T15:09:38Z">
          <params>
            <param index="0">
              <value>
                <![CDATA[Entity [id=case1, description=正常数据, domain=http://192.168.10.17:8084, url=/api/v1/users/152424/shieldNotes/, urlParam=, method=DELETE, header=[Authorization=Bearer eyJhbGciOiJIUzUxMiJ9.eyJ1aWQiOiIxNTI0MTQiLCJzdWIiOiJwdGNzMiIsImNyZWF0ZWQiOjE1OTE3NzI5NzM1MTYsInJlcGVhdCI6ZmFsc2UsImF1dGhvcml0eSI6bnVsbCwiaXNzIjoiNmhTTmpXRzYzWGZlVGpTUDlrMTFVNHpCWHVFdUtpSkMiLCJleHAiOjE1OTIzNzc3NzMsInZlcnNpb24iOiIxMjcwNjE0MDYwMzYyMTA0ODYwIiwic2lkIjoiNmEyNzdkZjcyYWFkNGRhYzhiZTIyZTJlMDgwYjc5NzAifQ.6vwYIQBg-koeWIcsCdkxwctNhZJmmkJEw3w09M_qR9lSAkIGQ3_KOlmmHsPqohCHD86vWDZgLJUyGIQBkY1plQ,content-type=application/json], queryString=peerIds=152412&sign=44c704d57ecee8fcf3c703d2ad01b37a&t=1591772978563, bodyData=, assertion={"invokeType":1,"action":"first","assertType":1,"assertKey":["responseCode"]}, authToken=null, sign=false, mock=null]]]>
              </value>
            </param>
          </params>
          <reporter-output>
          </reporter-output>
        </test-method> <!-- action -->
        <test-method status="PASS" signature="afterClass()[pri:0, instance:com.xuehai.response.testCase.Teacher.DeleteShieldNotes@26653222]" name="afterClass" is-config="true" duration-ms="29" started-at="2020-06-10T15:09:38Z" finished-at="2020-06-10T15:09:38Z">
          <reporter-output>
          </reporter-output>
        </test-method> <!-- afterClass -->
      </class> <!-- com.xuehai.response.testCase.Teacher.DeleteShieldNotes -->
      <class name="com.xuehai.response.testCase.Teacher.PatchShieldsCancel">
        <test-method status="PASS" signature="beforeClass(java.lang.String)[pri:0, instance:com.xuehai.response.testCase.Teacher.PatchShieldsCancel@ae45eb6]" name="beforeClass" is-config="true" duration-ms="5" started-at="2020-06-10T15:09:38Z" finished-at="2020-06-10T15:09:38Z">
          <params>
            <param index="0">
              <value>
                <![CDATA[src/test/resources/case.xml]]>
              </value>
            </param>
          </params>
          <reporter-output>
          </reporter-output>
        </test-method> <!-- beforeClass -->
        <test-method status="PASS" signature="action(com.xuehai.model.Entity)[pri:0, instance:com.xuehai.response.testCase.Teacher.PatchShieldsCancel@ae45eb6]" name="action" duration-ms="37" started-at="2020-06-10T15:09:38Z" description="批量取消禁言" data-provider="data" finished-at="2020-06-10T15:09:38Z">
          <params>
            <param index="0">
              <value>
                <![CDATA[Entity [id=case1, description=正常数据, domain=http://192.168.10.17:8084, url=/api/v1/users/152424/shields/cancel, urlParam=, method=PATCH, header=[Authorization=Bearer eyJhbGciOiJIUzUxMiJ9.eyJ1aWQiOiIxNTI0MTQiLCJzdWIiOiJwdGNzMiIsImNyZWF0ZWQiOjE1OTE3NzI5NzM1MTYsInJlcGVhdCI6ZmFsc2UsImF1dGhvcml0eSI6bnVsbCwiaXNzIjoiNmhTTmpXRzYzWGZlVGpTUDlrMTFVNHpCWHVFdUtpSkMiLCJleHAiOjE1OTIzNzc3NzMsInZlcnNpb24iOiIxMjcwNjE0MDYwMzYyMTA0ODYwIiwic2lkIjoiNmEyNzdkZjcyYWFkNGRhYzhiZTIyZTJlMDgwYjc5NzAifQ.6vwYIQBg-koeWIcsCdkxwctNhZJmmkJEw3w09M_qR9lSAkIGQ3_KOlmmHsPqohCHD86vWDZgLJUyGIQBkY1plQ,content-type=application/json], queryString=&sign=5eec234a3bfd8ed1d7d398788a4b81b3&t=1591772978772, bodyData={"peerIds":[152417,152418,152580,152581,152422,152575,152576,152421,152579,152415,152412,152582,152420,152578,152416,152419,152577,152414,152574,152573]}, assertion={"invokeType":1,"action":"first","assertType":1,"assertKey":["responseCode"]}, authToken=null, sign=false, mock=null]]]>
              </value>
            </param>
          </params>
          <reporter-output>
          </reporter-output>
        </test-method> <!-- action -->
        <test-method status="PASS" signature="afterClass()[pri:0, instance:com.xuehai.response.testCase.Teacher.PatchShieldsCancel@ae45eb6]" name="afterClass" is-config="true" duration-ms="38" started-at="2020-06-10T15:09:38Z" finished-at="2020-06-10T15:09:38Z">
          <reporter-output>
          </reporter-output>
        </test-method> <!-- afterClass -->
      </class> <!-- com.xuehai.response.testCase.Teacher.PatchShieldsCancel -->
      <class name="com.xuehai.response.testCase.Teacher.PatchGroupsSilence">
        <test-method status="PASS" signature="beforeClass(java.lang.String)[pri:0, instance:com.xuehai.response.testCase.Teacher.PatchGroupsSilence@61832929]" name="beforeClass" is-config="true" duration-ms="1" started-at="2020-06-10T15:09:37Z" finished-at="2020-06-10T15:09:37Z">
          <params>
            <param index="0">
              <value>
                <![CDATA[src/test/resources/case.xml]]>
              </value>
            </param>
          </params>
          <reporter-output>
          </reporter-output>
        </test-method> <!-- beforeClass -->
        <test-method status="PASS" signature="action(com.xuehai.model.Entity)[pri:0, instance:com.xuehai.response.testCase.Teacher.PatchGroupsSilence@61832929]" name="action" duration-ms="34" started-at="2020-06-10T15:09:37Z" description="切换全群禁言" data-provider="data" finished-at="2020-06-10T15:09:37Z">
          <params>
            <param index="0">
              <value>
                <![CDATA[Entity [id=case1, description=正常数据, domain=http://192.168.10.17:8084, url=/api/v1/users/152424/groups/67487/silence, urlParam=, method=PATCH, header=[Authorization=Bearer eyJhbGciOiJIUzUxMiJ9.eyJ1aWQiOiIxNTI0MTQiLCJzdWIiOiJwdGNzMiIsImNyZWF0ZWQiOjE1OTE3NzI5NzM1MTYsInJlcGVhdCI6ZmFsc2UsImF1dGhvcml0eSI6bnVsbCwiaXNzIjoiNmhTTmpXRzYzWGZlVGpTUDlrMTFVNHpCWHVFdUtpSkMiLCJleHAiOjE1OTIzNzc3NzMsInZlcnNpb24iOiIxMjcwNjE0MDYwMzYyMTA0ODYwIiwic2lkIjoiNmEyNzdkZjcyYWFkNGRhYzhiZTIyZTJlMDgwYjc5NzAifQ.6vwYIQBg-koeWIcsCdkxwctNhZJmmkJEw3w09M_qR9lSAkIGQ3_KOlmmHsPqohCHD86vWDZgLJUyGIQBkY1plQ,content-type=application/json], queryString=&sign=fc7d8cad2dfd490864dea053359782f0&t=1591772977835, bodyData=, assertion={"invokeType":1,"action":"first","assertType":1,"assertKey":["responseCode"]}, authToken=null, sign=false, mock=null]]]>
              </value>
            </param>
          </params>
          <reporter-output>
          </reporter-output>
        </test-method> <!-- action -->
        <test-method status="PASS" signature="afterClass()[pri:0, instance:com.xuehai.response.testCase.Teacher.PatchGroupsSilence@61832929]" name="afterClass" is-config="true" duration-ms="28" started-at="2020-06-10T15:09:37Z" finished-at="2020-06-10T15:09:37Z">
          <reporter-output>
          </reporter-output>
        </test-method> <!-- afterClass -->
      </class> <!-- com.xuehai.response.testCase.Teacher.PatchGroupsSilence -->
      <class name="com.xuehai.response.testCase.Teacher.DeleteSessionsTop">
        <test-method status="PASS" signature="beforeClass(java.lang.String)[pri:0, instance:com.xuehai.response.testCase.Teacher.DeleteSessionsTop@28d25987]" name="beforeClass" is-config="true" duration-ms="4" started-at="2020-06-10T15:09:37Z" finished-at="2020-06-10T15:09:37Z">
          <params>
            <param index="0">
              <value>
                <![CDATA[src/test/resources/case.xml]]>
              </value>
            </param>
          </params>
          <reporter-output>
          </reporter-output>
        </test-method> <!-- beforeClass -->
        <test-method status="PASS" signature="action(com.xuehai.model.Entity)[pri:0, instance:com.xuehai.response.testCase.Teacher.DeleteSessionsTop@28d25987]" name="action" duration-ms="30" started-at="2020-06-10T15:09:37Z" description="取消置顶会话" data-provider="data" finished-at="2020-06-10T15:09:37Z">
          <params>
            <param index="0">
              <value>
                <![CDATA[Entity [id=case1, description=正常数据, domain=http://192.168.10.17:8084, url=/api/v1/users/152424/sessions/152414/top, urlParam=, method=DELETE, header=[Authorization=Bearer eyJhbGciOiJIUzUxMiJ9.eyJ1aWQiOiIxNTI0MjQiLCJzdWIiOiJwdGxzMyIsImNyZWF0ZWQiOjE1OTE3NzI5NzQ1MjQsInJlcGVhdCI6ZmFsc2UsImF1dGhvcml0eSI6bnVsbCwiaXNzIjoiNmhTTmpXRzYzWGZlVGpTUDlrMTFVNHpCWHVFdUtpSkMiLCJleHAiOjE1OTIzNzc3NzQsInZlcnNpb24iOiIxMjcwNjE0MDY0NTg5OTYzMzMwIiwic2lkIjoiMTA0MWI1ZmU5OTEwNDc1OTg4ZmE4ODFlOGUzOGYyZGEifQ.idmsVcKnZrWuX-WieinF8qJyGZZvLWaaHIGRBE_GIpIZl1u7RWdTlEXzVQUcOTtHW8sHZfdcagDYH3HcZ5D5Cw,content-type=application/json], queryString=sessionType=SINGLE&sign=ec5bc709b202ef14ceea2b7afefca468&t=1591772977177, bodyData=, assertion={"invokeType":1,"action":"first","assertType":1,"assertKey":["responseCode"]}, authToken=null, sign=false, mock=null]]]>
              </value>
            </param>
          </params>
          <reporter-output>
          </reporter-output>
        </test-method> <!-- action -->
        <test-method status="PASS" signature="afterClass()[pri:0, instance:com.xuehai.response.testCase.Teacher.DeleteSessionsTop@28d25987]" name="afterClass" is-config="true" duration-ms="40" started-at="2020-06-10T15:09:37Z" finished-at="2020-06-10T15:09:37Z">
          <reporter-output>
          </reporter-output>
        </test-method> <!-- afterClass -->
      </class> <!-- com.xuehai.response.testCase.Teacher.DeleteSessionsTop -->
      <class name="com.xuehai.response.testCase.Teacher.PatchShieldNotesCancel">
        <test-method status="PASS" signature="beforeClass(java.lang.String)[pri:0, instance:com.xuehai.response.testCase.Teacher.PatchShieldNotesCancel@59f99ea]" name="beforeClass" is-config="true" duration-ms="1" started-at="2020-06-10T15:09:38Z" finished-at="2020-06-10T15:09:38Z">
          <params>
            <param index="0">
              <value>
                <![CDATA[src/test/resources/case.xml]]>
              </value>
            </param>
          </params>
          <reporter-output>
          </reporter-output>
        </test-method> <!-- beforeClass -->
        <test-method status="PASS" signature="action(com.xuehai.model.Entity)[pri:0, instance:com.xuehai.response.testCase.Teacher.PatchShieldNotesCancel@59f99ea]" name="action" duration-ms="43" started-at="2020-06-10T15:09:38Z" description="匹配取消便签屏蔽名单" data-provider="data" finished-at="2020-06-10T15:09:38Z">
          <params>
            <param index="0">
              <value>
                <![CDATA[Entity [id=case1, description=正常数据, domain=http://192.168.10.17:8084, url=/api/v1/users/152424/shieldNotes/cancel, urlParam=, method=PATCH, header=[Authorization=Bearer eyJhbGciOiJIUzUxMiJ9.eyJ1aWQiOiIxNTI0MTQiLCJzdWIiOiJwdGNzMiIsImNyZWF0ZWQiOjE1OTE3NzI5NzM1MTYsInJlcGVhdCI6ZmFsc2UsImF1dGhvcml0eSI6bnVsbCwiaXNzIjoiNmhTTmpXRzYzWGZlVGpTUDlrMTFVNHpCWHVFdUtpSkMiLCJleHAiOjE1OTIzNzc3NzMsInZlcnNpb24iOiIxMjcwNjE0MDYwMzYyMTA0ODYwIiwic2lkIjoiNmEyNzdkZjcyYWFkNGRhYzhiZTIyZTJlMDgwYjc5NzAifQ.6vwYIQBg-koeWIcsCdkxwctNhZJmmkJEw3w09M_qR9lSAkIGQ3_KOlmmHsPqohCHD86vWDZgLJUyGIQBkY1plQ,content-type=application/json], queryString=&sign=7d55749bb99da65ea0f294d9e93b4210&t=1591772978848, bodyData={"peerIds":[152412,152414,152415,152416,152417,152418,152419,152420,152421,152422,152573,152574,152575,152576,152577,152578,152579,152580,152581,152582]}, assertion={"invokeType":1,"action":"first","assertType":1,"assertKey":["responseCode"]}, authToken=null, sign=false, mock=null]]]>
              </value>
            </param>
          </params>
          <reporter-output>
          </reporter-output>
        </test-method> <!-- action -->
        <test-method status="PASS" signature="afterClass()[pri:0, instance:com.xuehai.response.testCase.Teacher.PatchShieldNotesCancel@59f99ea]" name="afterClass" is-config="true" duration-ms="27" started-at="2020-06-10T15:09:38Z" finished-at="2020-06-10T15:09:38Z">
          <reporter-output>
          </reporter-output>
        </test-method> <!-- afterClass -->
      </class> <!-- com.xuehai.response.testCase.Teacher.PatchShieldNotesCancel -->
      <class name="com.xuehai.response.testCase.Teacher.GetShieldNotes">
        <test-method status="PASS" signature="beforeClass(java.lang.String)[pri:0, instance:com.xuehai.response.testCase.Teacher.GetShieldNotes@4b9e13df]" name="beforeClass" is-config="true" duration-ms="7" started-at="2020-06-10T15:09:34Z" finished-at="2020-06-10T15:09:34Z">
          <params>
            <param index="0">
              <value>
                <![CDATA[src/test/resources/case.xml]]>
              </value>
            </param>
          </params>
          <reporter-output>
          </reporter-output>
        </test-method> <!-- beforeClass -->
        <test-method status="PASS" signature="action(com.xuehai.model.Entity)[pri:0, instance:com.xuehai.response.testCase.Teacher.GetShieldNotes@4b9e13df]" name="action" duration-ms="16" started-at="2020-06-10T15:09:34Z" description="增量获取屏蔽名单的变更" data-provider="data" finished-at="2020-06-10T15:09:34Z">
          <params>
            <param index="0">
              <value>
                <![CDATA[Entity [id=case1, description=正常数据, domain=http://192.168.10.17:8084, url=/api/v1/users/152424/shieldNotes/, urlParam=, method=GET, header=[Authorization=Bearer eyJhbGciOiJIUzUxMiJ9.eyJ1aWQiOiIxNTI0MjQiLCJzdWIiOiJwdGxzMyIsImNyZWF0ZWQiOjE1OTE3NzI5NzQ1MjQsInJlcGVhdCI6ZmFsc2UsImF1dGhvcml0eSI6bnVsbCwiaXNzIjoiNmhTTmpXRzYzWGZlVGpTUDlrMTFVNHpCWHVFdUtpSkMiLCJleHAiOjE1OTIzNzc3NzQsInZlcnNpb24iOiIxMjcwNjE0MDY0NTg5OTYzMzMwIiwic2lkIjoiMTA0MWI1ZmU5OTEwNDc1OTg4ZmE4ODFlOGUzOGYyZGEifQ.idmsVcKnZrWuX-WieinF8qJyGZZvLWaaHIGRBE_GIpIZl1u7RWdTlEXzVQUcOTtHW8sHZfdcagDYH3HcZ5D5Cw,content-type=application/json], queryString=version=1556155566572&sign=f4a44e231bc5ec81131ed1ee49238d55&t=1591772974982, bodyData=, assertion={"invokeType":1,"action":"first","assertType":1,"assertKey":["responseCode"]}, authToken=null, sign=false, mock=null]]]>
              </value>
            </param>
          </params>
          <reporter-output>
          </reporter-output>
        </test-method> <!-- action -->
        <test-method status="PASS" signature="afterClass()[pri:0, instance:com.xuehai.response.testCase.Teacher.GetShieldNotes@4b9e13df]" name="afterClass" is-config="true" duration-ms="30" started-at="2020-06-10T15:09:34Z" finished-at="2020-06-10T15:09:35Z">
          <reporter-output>
          </reporter-output>
        </test-method> <!-- afterClass -->
      </class> <!-- com.xuehai.response.testCase.Teacher.GetShieldNotes -->
      <class name="com.xuehai.response.testCase.Teacher.PatchMessagesReadAck">
        <test-method status="PASS" signature="beforeClass(java.lang.String)[pri:0, instance:com.xuehai.response.testCase.Teacher.PatchMessagesReadAck@224edc67]" name="beforeClass" is-config="true" duration-ms="3" started-at="2020-06-10T15:09:36Z" finished-at="2020-06-10T15:09:36Z">
          <params>
            <param index="0">
              <value>
                <![CDATA[src/test/resources/case.xml]]>
              </value>
            </param>
          </params>
          <reporter-output>
          </reporter-output>
        </test-method> <!-- beforeClass -->
        <test-method status="PASS" signature="action(com.xuehai.model.Entity)[pri:0, instance:com.xuehai.response.testCase.Teacher.PatchMessagesReadAck@224edc67]" name="action" duration-ms="58" started-at="2020-06-10T15:09:36Z" description="确认已读消息" data-provider="data" finished-at="2020-06-10T15:09:36Z">
          <params>
            <param index="0">
              <value>
                <![CDATA[Entity [id=case1, description=正常数据, domain=http://192.168.10.17:8084, url=/api/v1/users/152424/sessions/152414/messages/44/readAck, urlParam=, method=PATCH, header=[Authorization=Bearer eyJhbGciOiJIUzUxMiJ9.eyJ1aWQiOiIxNTI0MjQiLCJzdWIiOiJwdGxzMyIsImNyZWF0ZWQiOjE1OTE3NzI5NzQ1MjQsInJlcGVhdCI6ZmFsc2UsImF1dGhvcml0eSI6bnVsbCwiaXNzIjoiNmhTTmpXRzYzWGZlVGpTUDlrMTFVNHpCWHVFdUtpSkMiLCJleHAiOjE1OTIzNzc3NzQsInZlcnNpb24iOiIxMjcwNjE0MDY0NTg5OTYzMzMwIiwic2lkIjoiMTA0MWI1ZmU5OTEwNDc1OTg4ZmE4ODFlOGUzOGYyZGEifQ.idmsVcKnZrWuX-WieinF8qJyGZZvLWaaHIGRBE_GIpIZl1u7RWdTlEXzVQUcOTtHW8sHZfdcagDYH3HcZ5D5Cw,content-type=application/json], queryString=sessionType=SINGLE&sign=167350eda2805471c3849c0bdfaf1319&t=1591772976725, bodyData=, assertion={"invokeType":1,"action":"first","assertType":1,"assertKey":["responseCode"]}, authToken=null, sign=false, mock=null]]]>
              </value>
            </param>
          </params>
          <reporter-output>
          </reporter-output>
        </test-method> <!-- action -->
        <test-method status="PASS" signature="afterClass()[pri:0, instance:com.xuehai.response.testCase.Teacher.PatchMessagesReadAck@224edc67]" name="afterClass" is-config="true" duration-ms="54" started-at="2020-06-10T15:09:36Z" finished-at="2020-06-10T15:09:36Z">
          <reporter-output>
          </reporter-output>
        </test-method> <!-- afterClass -->
      </class> <!-- com.xuehai.response.testCase.Teacher.PatchMessagesReadAck -->
      <class name="com.xuehai.response.testCase.Student.GetFriendsJudge">
        <test-method status="PASS" signature="beforeClass(java.lang.String)[pri:0, instance:com.xuehai.response.testCase.Student.GetFriendsJudge@6767c1fc]" name="beforeClass" is-config="true" duration-ms="17" started-at="2020-06-10T15:09:34Z" finished-at="2020-06-10T15:09:34Z">
          <params>
            <param index="0">
              <value>
                <![CDATA[src/test/resources/case.xml]]>
              </value>
            </param>
          </params>
          <reporter-output>
          </reporter-output>
        </test-method> <!-- beforeClass -->
        <test-method status="PASS" signature="action(com.xuehai.model.Entity)[pri:0, instance:com.xuehai.response.testCase.Student.GetFriendsJudge@6767c1fc]" name="action" duration-ms="29" started-at="2020-06-10T15:09:34Z" description="是否好友" data-provider="data" finished-at="2020-06-10T15:09:34Z">
          <params>
            <param index="0">
              <value>
                <![CDATA[Entity [id=case1, description=正常数据, domain=http://192.168.10.17:8084, url=/api/v1/users/152414/friends/152424/judge, urlParam=, method=GET, header=[Authorization=Bearer eyJhbGciOiJIUzUxMiJ9.eyJ1aWQiOiIxNTI0MTQiLCJzdWIiOiJwdGNzMiIsImNyZWF0ZWQiOjE1OTE3NzI5NzM1MTYsInJlcGVhdCI6ZmFsc2UsImF1dGhvcml0eSI6bnVsbCwiaXNzIjoiNmhTTmpXRzYzWGZlVGpTUDlrMTFVNHpCWHVFdUtpSkMiLCJleHAiOjE1OTIzNzc3NzMsInZlcnNpb24iOiIxMjcwNjE0MDYwMzYyMTA0ODYwIiwic2lkIjoiNmEyNzdkZjcyYWFkNGRhYzhiZTIyZTJlMDgwYjc5NzAifQ.6vwYIQBg-koeWIcsCdkxwctNhZJmmkJEw3w09M_qR9lSAkIGQ3_KOlmmHsPqohCHD86vWDZgLJUyGIQBkY1plQ,content-type=application/json], queryString=&sign=3e9dc2f4271b24d63dc3ffefafc65eea&t=1591772974071, bodyData=, assertion={"invokeType":1,"action":"first","assertType":1,"assertKey":["responseCode"]}, authToken=null, sign=false, mock=null]]]>
              </value>
            </param>
          </params>
          <reporter-output>
          </reporter-output>
        </test-method> <!-- action -->
        <test-method status="PASS" signature="afterClass()[pri:0, instance:com.xuehai.response.testCase.Student.GetFriendsJudge@6767c1fc]" name="afterClass" is-config="true" duration-ms="49" started-at="2020-06-10T15:09:34Z" finished-at="2020-06-10T15:09:34Z">
          <reporter-output>
          </reporter-output>
        </test-method> <!-- afterClass -->
      </class> <!-- com.xuehai.response.testCase.Student.GetFriendsJudge -->
      <class name="com.xuehai.response.testCase.Teacher.GetFriendsRequests">
        <test-method status="PASS" signature="beforeClass(java.lang.String)[pri:0, instance:com.xuehai.response.testCase.Teacher.GetFriendsRequests@1d057a39]" name="beforeClass" is-config="true" duration-ms="9" started-at="2020-06-10T15:09:35Z" finished-at="2020-06-10T15:09:35Z">
          <params>
            <param index="0">
              <value>
                <![CDATA[src/test/resources/case.xml]]>
              </value>
            </param>
          </params>
          <reporter-output>
          </reporter-output>
        </test-method> <!-- beforeClass -->
        <test-method status="PASS" signature="action(com.xuehai.model.Entity)[pri:0, instance:com.xuehai.response.testCase.Teacher.GetFriendsRequests@1d057a39]" name="action" duration-ms="18" started-at="2020-06-10T15:09:35Z" description="获取加好友请求" data-provider="data" finished-at="2020-06-10T15:09:35Z">
          <params>
            <param index="0">
              <value>
                <![CDATA[Entity [id=case1, description=正常数据, domain=http://192.168.10.17:8084, url=/api/v1/users/152424/friends/requests/, urlParam=, method=GET, header=[Authorization=Bearer eyJhbGciOiJIUzUxMiJ9.eyJ1aWQiOiIxNTI0MjQiLCJzdWIiOiJwdGxzMyIsImNyZWF0ZWQiOjE1OTE3NzI5NzQ1MjQsInJlcGVhdCI6ZmFsc2UsImF1dGhvcml0eSI6bnVsbCwiaXNzIjoiNmhTTmpXRzYzWGZlVGpTUDlrMTFVNHpCWHVFdUtpSkMiLCJleHAiOjE1OTIzNzc3NzQsInZlcnNpb24iOiIxMjcwNjE0MDY0NTg5OTYzMzMwIiwic2lkIjoiMTA0MWI1ZmU5OTEwNDc1OTg4ZmE4ODFlOGUzOGYyZGEifQ.idmsVcKnZrWuX-WieinF8qJyGZZvLWaaHIGRBE_GIpIZl1u7RWdTlEXzVQUcOTtHW8sHZfdcagDYH3HcZ5D5Cw,content-type=application/json], queryString=lastTime=0&sign=eff8b21304fd8d7347445b5b4d65375d&t=1591772975679, bodyData=, assertion={"invokeType":1,"action":"first","assertType":1,"assertKey":["responseCode"]}, authToken=null, sign=false, mock=null]]]>
              </value>
            </param>
          </params>
          <reporter-output>
          </reporter-output>
        </test-method> <!-- action -->
        <test-method status="PASS" signature="afterClass()[pri:0, instance:com.xuehai.response.testCase.Teacher.GetFriendsRequests@1d057a39]" name="afterClass" is-config="true" duration-ms="35" started-at="2020-06-10T15:09:35Z" finished-at="2020-06-10T15:09:35Z">
          <reporter-output>
          </reporter-output>
        </test-method> <!-- afterClass -->
      </class> <!-- com.xuehai.response.testCase.Teacher.GetFriendsRequests -->
      <class name="com.xuehai.response.testCase.Student.PostPlatformStudentLogin">
        <test-method status="PASS" signature="beforeClass(java.lang.String)[pri:0, instance:com.xuehai.response.testCase.Student.PostPlatformStudentLogin@724af044]" name="beforeClass" is-config="true" duration-ms="90" started-at="2020-06-10T15:09:32Z" finished-at="2020-06-10T15:09:32Z">
          <params>
            <param index="0">
              <value>
                <![CDATA[src/test/resources/case_login.xml]]>
              </value>
            </param>
          </params>
          <reporter-output>
          </reporter-output>
        </test-method> <!-- beforeClass -->
        <test-method status="PASS" signature="action(com.xuehai.model.Entity)[pri:0, instance:com.xuehai.response.testCase.Student.PostPlatformStudentLogin@724af044]" name="action" duration-ms="776" started-at="2020-06-10T15:09:32Z" description="平台用户登录(学生)" data-provider="data" finished-at="2020-06-10T15:09:33Z">
          <params>
            <param index="0">
              <value>
                <![CDATA[Entity [id=Data, description=正常数据, domain=http://192.168.10.16:8083, url=/api/v1/platform/login, urlParam=, method=POST, header=[User-Agent=com.xuehai.launcher/test_v3.21.2.5.20190222S (SM-P355C; android; 5.0.2; R22H600WG6Y),content-type=application/json], queryString=, bodyData={"userName":"ptcs2","password":"43995EEB2A16F40436DEEC8A61BAD1BB","deviceId":"R22H600WG6Y","osDisplay":"LRX22G.P355CZCU1AOG1.ZHITONGYUN_V1.0","imei":"359675060144777","ap":"wifi","mac":"50:9E:A7:45:8C:9D","isNew":true}, assertion={"invokeType":1,"action":"first","assertType":1,"assertKey":["responseCode"]}, authToken=null, sign=false, mock=null]]]>
              </value>
            </param>
          </params>
          <reporter-output>
          </reporter-output>
        </test-method> <!-- action -->
      </class> <!-- com.xuehai.response.testCase.Student.PostPlatformStudentLogin -->
      <class name="com.xuehai.response.testCase.Teacher.PostGroupsbatch">
        <test-method status="PASS" signature="beforeClass(java.lang.String)[pri:0, instance:com.xuehai.response.testCase.Teacher.PostGroupsbatch@18be83e4]" name="beforeClass" is-config="true" duration-ms="4" started-at="2020-06-10T15:09:34Z" finished-at="2020-06-10T15:09:34Z">
          <params>
            <param index="0">
              <value>
                <![CDATA[src/test/resources/case.xml]]>
              </value>
            </param>
          </params>
          <reporter-output>
          </reporter-output>
        </test-method> <!-- beforeClass -->
        <test-method status="PASS" signature="action(com.xuehai.model.Entity)[pri:0, instance:com.xuehai.response.testCase.Teacher.PostGroupsbatch@18be83e4]" name="action" duration-ms="53" started-at="2020-06-10T15:09:34Z" description="获取群聊组" data-provider="data" finished-at="2020-06-10T15:09:34Z">
          <params>
            <param index="0">
              <value>
                <![CDATA[Entity [id=case1, description=正常数据, domain=http://192.168.10.17:8084, url=/api/v2/users/152424/groups/batch, urlParam=, method=POST, header=[Authorization=Bearer eyJhbGciOiJIUzUxMiJ9.eyJ1aWQiOiIxNTI0MjQiLCJzdWIiOiJwdGxzMyIsImNyZWF0ZWQiOjE1OTE3NzI5NzQ1MjQsInJlcGVhdCI6ZmFsc2UsImF1dGhvcml0eSI6bnVsbCwiaXNzIjoiNmhTTmpXRzYzWGZlVGpTUDlrMTFVNHpCWHVFdUtpSkMiLCJleHAiOjE1OTIzNzc3NzQsInZlcnNpb24iOiIxMjcwNjE0MDY0NTg5OTYzMzMwIiwic2lkIjoiMTA0MWI1ZmU5OTEwNDc1OTg4ZmE4ODFlOGUzOGYyZGEifQ.idmsVcKnZrWuX-WieinF8qJyGZZvLWaaHIGRBE_GIpIZl1u7RWdTlEXzVQUcOTtHW8sHZfdcagDYH3HcZ5D5Cw,content-type=application/json], queryString=&sign=594a3c21cff561e2b487a89bf6f2d1c8&t=1591772974815, bodyData={
	"groupVersionList": [{
		"groupId": 31380,
		"version": 0
	}, {
		"groupId": 31310,
		"version": 0
	}, {
		"groupId": 31426,
		"version": 0
	}, {
		"groupId": 31303,
		"version": 0
	}]
}, assertion={"invokeType":1,"action":"first","assertType":1,"assertKey":["responseCode"]}, authToken=null, sign=false, mock=null]]]>
              </value>
            </param>
          </params>
          <reporter-output>
          </reporter-output>
        </test-method> <!-- action -->
        <test-method status="PASS" signature="afterClass()[pri:0, instance:com.xuehai.response.testCase.Teacher.PostGroupsbatch@18be83e4]" name="afterClass" is-config="true" duration-ms="40" started-at="2020-06-10T15:09:34Z" finished-at="2020-06-10T15:09:34Z">
          <reporter-output>
          </reporter-output>
        </test-method> <!-- afterClass -->
      </class> <!-- com.xuehai.response.testCase.Teacher.PostGroupsbatch -->
      <class name="com.xuehai.response.testCase.Teacher.DeleteSessions">
        <test-method status="PASS" signature="beforeClass(java.lang.String)[pri:0, instance:com.xuehai.response.testCase.Teacher.DeleteSessions@46d56d67]" name="beforeClass" is-config="true" duration-ms="5" started-at="2020-06-10T15:09:36Z" finished-at="2020-06-10T15:09:36Z">
          <params>
            <param index="0">
              <value>
                <![CDATA[src/test/resources/case.xml]]>
              </value>
            </param>
          </params>
          <reporter-output>
          </reporter-output>
        </test-method> <!-- beforeClass -->
        <test-method status="PASS" signature="action(com.xuehai.model.Entity)[pri:0, instance:com.xuehai.response.testCase.Teacher.DeleteSessions@46d56d67]" name="action" duration-ms="22" started-at="2020-06-10T15:09:36Z" description="批量删除会话消息" data-provider="data" finished-at="2020-06-10T15:09:36Z">
          <params>
            <param index="0">
              <value>
                <![CDATA[Entity [id=case1, description=正常数据, domain=http://192.168.10.17:8084, url=/api/v1/users/152424/sessions, urlParam=, method=DELETE, header=[Authorization=Bearer eyJhbGciOiJIUzUxMiJ9.eyJ1aWQiOiIxNTI0MjQiLCJzdWIiOiJwdGxzMyIsImNyZWF0ZWQiOjE1OTE3NzI5NzQ1MjQsInJlcGVhdCI6ZmFsc2UsImF1dGhvcml0eSI6bnVsbCwiaXNzIjoiNmhTTmpXRzYzWGZlVGpTUDlrMTFVNHpCWHVFdUtpSkMiLCJleHAiOjE1OTIzNzc3NzQsInZlcnNpb24iOiIxMjcwNjE0MDY0NTg5OTYzMzMwIiwic2lkIjoiMTA0MWI1ZmU5OTEwNDc1OTg4ZmE4ODFlOGUzOGYyZGEifQ.idmsVcKnZrWuX-WieinF8qJyGZZvLWaaHIGRBE_GIpIZl1u7RWdTlEXzVQUcOTtHW8sHZfdcagDYH3HcZ5D5Cw,content-type=application/json], queryString=&sign=5a5f8c94017b034d81ddccc34caabbd3&t=1591772976926, bodyData={"removeRecentSessionDTOList":[{"sessionId":"152412","sessionType":"SINGLE"}]}, assertion={"invokeType":1,"action":"first","assertType":1,"assertKey":["responseCode"]}, authToken=null, sign=false, mock=null]]]>
              </value>
            </param>
          </params>
          <reporter-output>
          </reporter-output>
        </test-method> <!-- action -->
        <test-method status="PASS" signature="afterClass()[pri:0, instance:com.xuehai.response.testCase.Teacher.DeleteSessions@46d56d67]" name="afterClass" is-config="true" duration-ms="44" started-at="2020-06-10T15:09:36Z" finished-at="2020-06-10T15:09:36Z">
          <reporter-output>
          </reporter-output>
        </test-method> <!-- afterClass -->
      </class> <!-- com.xuehai.response.testCase.Teacher.DeleteSessions -->
      <class name="com.xuehai.response.testCase.Student.PostFriendsRequests">
        <test-method status="PASS" signature="beforeClass(java.lang.String)[pri:0, instance:com.xuehai.response.testCase.Student.PostFriendsRequests@4678c730]" name="beforeClass" is-config="true" duration-ms="26" started-at="2020-06-10T15:09:33Z" finished-at="2020-06-10T15:09:33Z">
          <params>
            <param index="0">
              <value>
                <![CDATA[src/test/resources/case.xml]]>
              </value>
            </param>
          </params>
          <reporter-output>
          </reporter-output>
        </test-method> <!-- beforeClass -->
        <test-method status="PASS" signature="action(com.xuehai.model.Entity)[pri:0, instance:com.xuehai.response.testCase.Student.PostFriendsRequests@4678c730]" name="action" duration-ms="78" started-at="2020-06-10T15:09:33Z" description="添加好友" data-provider="data" finished-at="2020-06-10T15:09:33Z">
          <params>
            <param index="0">
              <value>
                <![CDATA[Entity [id=case1, description=正常数据, domain=http://192.168.10.17:8084, url=/api/v1/users/152414/friends/requests/, urlParam=, method=POST, header=[Authorization=Bearer eyJhbGciOiJIUzUxMiJ9.eyJ1aWQiOiIxNTI0MTQiLCJzdWIiOiJwdGNzMiIsImNyZWF0ZWQiOjE1OTE3NzI5NzM1MTYsInJlcGVhdCI6ZmFsc2UsImF1dGhvcml0eSI6bnVsbCwiaXNzIjoiNmhTTmpXRzYzWGZlVGpTUDlrMTFVNHpCWHVFdUtpSkMiLCJleHAiOjE1OTIzNzc3NzMsInZlcnNpb24iOiIxMjcwNjE0MDYwMzYyMTA0ODYwIiwic2lkIjoiNmEyNzdkZjcyYWFkNGRhYzhiZTIyZTJlMDgwYjc5NzAifQ.6vwYIQBg-koeWIcsCdkxwctNhZJmmkJEw3w09M_qR9lSAkIGQ3_KOlmmHsPqohCHD86vWDZgLJUyGIQBkY1plQ,content-type=application/json], queryString=&sign=9e0ebd980b9bbe3af15e752259cf5d1b&t=1591772973634, bodyData={"friendIds":[152424]}, assertion={"invokeType":1,"action":"first","assertType":1,"assertKey":["responseCode"]}, authToken=null, sign=false, mock=null]]]>
              </value>
            </param>
          </params>
          <reporter-output>
          </reporter-output>
        </test-method> <!-- action -->
        <test-method status="PASS" signature="afterClass()[pri:0, instance:com.xuehai.response.testCase.Student.PostFriendsRequests@4678c730]" name="afterClass" is-config="true" duration-ms="340" started-at="2020-06-10T15:09:33Z" finished-at="2020-06-10T15:09:34Z">
          <reporter-output>
          </reporter-output>
        </test-method> <!-- afterClass -->
      </class> <!-- com.xuehai.response.testCase.Student.PostFriendsRequests -->
      <class name="com.xuehai.response.testCase.Teacher.PostUsersShields">
        <test-method status="PASS" signature="beforeClass(java.lang.String)[pri:0, instance:com.xuehai.response.testCase.Teacher.PostUsersShields@3532ec19]" name="beforeClass" is-config="true" duration-ms="3" started-at="2020-06-10T15:09:38Z" finished-at="2020-06-10T15:09:38Z">
          <params>
            <param index="0">
              <value>
                <![CDATA[src/test/resources/case.xml]]>
              </value>
            </param>
          </params>
          <reporter-output>
          </reporter-output>
        </test-method> <!-- beforeClass -->
        <test-method status="PASS" signature="action(com.xuehai.model.Entity)[pri:0, instance:com.xuehai.response.testCase.Teacher.PostUsersShields@3532ec19]" name="action" duration-ms="58" started-at="2020-06-10T15:09:38Z" description="屏蔽对方" data-provider="data" finished-at="2020-06-10T15:09:38Z">
          <params>
            <param index="0">
              <value>
                <![CDATA[Entity [id=case1, description=正常数据, domain=http://192.168.10.17:8084, url=/api/v1/users/152424/shields/, urlParam=, method=POST, header=[Authorization=Bearer eyJhbGciOiJIUzUxMiJ9.eyJ1aWQiOiIxNTI0MTQiLCJzdWIiOiJwdGNzMiIsImNyZWF0ZWQiOjE1OTE3NzI5NzM1MTYsInJlcGVhdCI6ZmFsc2UsImF1dGhvcml0eSI6bnVsbCwiaXNzIjoiNmhTTmpXRzYzWGZlVGpTUDlrMTFVNHpCWHVFdUtpSkMiLCJleHAiOjE1OTIzNzc3NzMsInZlcnNpb24iOiIxMjcwNjE0MDYwMzYyMTA0ODYwIiwic2lkIjoiNmEyNzdkZjcyYWFkNGRhYzhiZTIyZTJlMDgwYjc5NzAifQ.6vwYIQBg-koeWIcsCdkxwctNhZJmmkJEw3w09M_qR9lSAkIGQ3_KOlmmHsPqohCHD86vWDZgLJUyGIQBkY1plQ,content-type=application/json], queryString=&sign=619eeb8b68cfe031c819ede898481cb6&t=1591772978617, bodyData={"peerIds":[152414]}, assertion={"invokeType":1,"action":"first","assertType":1,"assertKey":["responseCode"]}, authToken=null, sign=false, mock=null]]]>
              </value>
            </param>
          </params>
          <reporter-output>
          </reporter-output>
        </test-method> <!-- action -->
        <test-method status="PASS" signature="afterClass()[pri:0, instance:com.xuehai.response.testCase.Teacher.PostUsersShields@3532ec19]" name="afterClass" is-config="true" duration-ms="40" started-at="2020-06-10T15:09:38Z" finished-at="2020-06-10T15:09:38Z">
          <reporter-output>
          </reporter-output>
        </test-method> <!-- afterClass -->
      </class> <!-- com.xuehai.response.testCase.Teacher.PostUsersShields -->
      <class name="com.xuehai.response.testCase.Teacher.PatchSessionsTop">
        <test-method status="PASS" signature="beforeClass(java.lang.String)[pri:0, instance:com.xuehai.response.testCase.Teacher.PatchSessionsTop@59fa1d9b]" name="beforeClass" is-config="true" duration-ms="3" started-at="2020-06-10T15:09:37Z" finished-at="2020-06-10T15:09:37Z">
          <params>
            <param index="0">
              <value>
                <![CDATA[src/test/resources/case.xml]]>
              </value>
            </param>
          </params>
          <reporter-output>
          </reporter-output>
        </test-method> <!-- beforeClass -->
        <test-method status="PASS" signature="action(com.xuehai.model.Entity)[pri:0, instance:com.xuehai.response.testCase.Teacher.PatchSessionsTop@59fa1d9b]" name="action" duration-ms="33" started-at="2020-06-10T15:09:37Z" description="置顶会话" data-provider="data" finished-at="2020-06-10T15:09:37Z">
          <params>
            <param index="0">
              <value>
                <![CDATA[Entity [id=case1, description=正常数据, domain=http://192.168.10.17:8084, url=/api/v1/users/152424/sessions/152414/top, urlParam=, method=PATCH, header=[Authorization=Bearer eyJhbGciOiJIUzUxMiJ9.eyJ1aWQiOiIxNTI0MjQiLCJzdWIiOiJwdGxzMyIsImNyZWF0ZWQiOjE1OTE3NzI5NzQ1MjQsInJlcGVhdCI6ZmFsc2UsImF1dGhvcml0eSI6bnVsbCwiaXNzIjoiNmhTTmpXRzYzWGZlVGpTUDlrMTFVNHpCWHVFdUtpSkMiLCJleHAiOjE1OTIzNzc3NzQsInZlcnNpb24iOiIxMjcwNjE0MDY0NTg5OTYzMzMwIiwic2lkIjoiMTA0MWI1ZmU5OTEwNDc1OTg4ZmE4ODFlOGUzOGYyZGEifQ.idmsVcKnZrWuX-WieinF8qJyGZZvLWaaHIGRBE_GIpIZl1u7RWdTlEXzVQUcOTtHW8sHZfdcagDYH3HcZ5D5Cw,content-type=application/json], queryString=sessionType=SINGLE&sign=2bb84f795311191de4b3621d4a03194b&t=1591772977097, bodyData=, assertion={"invokeType":1,"action":"first","assertType":1,"assertKey":["responseCode"]}, authToken=null, sign=false, mock=null]]]>
              </value>
            </param>
          </params>
          <reporter-output>
          </reporter-output>
        </test-method> <!-- action -->
        <test-method status="PASS" signature="afterClass()[pri:0, instance:com.xuehai.response.testCase.Teacher.PatchSessionsTop@59fa1d9b]" name="afterClass" is-config="true" duration-ms="42" started-at="2020-06-10T15:09:37Z" finished-at="2020-06-10T15:09:37Z">
          <reporter-output>
          </reporter-output>
        </test-method> <!-- afterClass -->
      </class> <!-- com.xuehai.response.testCase.Teacher.PatchSessionsTop -->
      <class name="com.xuehai.response.testCase.Teacher.DeleteFriends">
        <test-method status="PASS" signature="beforeSuite(org.testng.ITestContext)[pri:0, instance:com.xuehai.response.testCase.Teacher.DeleteFriends@8bd1b6a]" name="beforeSuite" is-config="true" duration-ms="281" started-at="2020-06-10T15:09:32Z" finished-at="2020-06-10T15:09:32Z">
          <params>
            <param index="0">
              <value>
                <![CDATA[org.testng.TestRunner@35e5d0e5]]>
              </value>
            </param>
          </params>
          <reporter-output>
          </reporter-output>
        </test-method> <!-- beforeSuite -->
        <test-method status="PASS" signature="beforeSuite(org.testng.ITestContext)[pri:0, instance:com.xuehai.response.testCase.Teacher.DeleteSessions@46d56d67]" name="beforeSuite" is-config="true" duration-ms="0" started-at="2020-06-10T15:09:32Z" finished-at="2020-06-10T15:09:32Z">
          <params>
            <param index="0">
              <value>
                <![CDATA[org.testng.TestRunner@35e5d0e5]]>
              </value>
            </param>
          </params>
          <reporter-output>
          </reporter-output>
        </test-method> <!-- beforeSuite -->
        <test-method status="PASS" signature="beforeSuite(org.testng.ITestContext)[pri:0, instance:com.xuehai.response.testCase.Teacher.DeleteSessionsTop@28d25987]" name="beforeSuite" is-config="true" duration-ms="0" started-at="2020-06-10T15:09:32Z" finished-at="2020-06-10T15:09:32Z">
          <params>
            <param index="0">
              <value>
                <![CDATA[org.testng.TestRunner@35e5d0e5]]>
              </value>
            </param>
          </params>
          <reporter-output>
          </reporter-output>
        </test-method> <!-- beforeSuite -->
        <test-method status="PASS" signature="beforeSuite(org.testng.ITestContext)[pri:0, instance:com.xuehai.response.testCase.Teacher.DeleteShieldNotes@26653222]" name="beforeSuite" is-config="true" duration-ms="1" started-at="2020-06-10T15:09:32Z" finished-at="2020-06-10T15:09:32Z">
          <params>
            <param index="0">
              <value>
                <![CDATA[org.testng.TestRunner@35e5d0e5]]>
              </value>
            </param>
          </params>
          <reporter-output>
          </reporter-output>
        </test-method> <!-- beforeSuite -->
        <test-method status="PASS" signature="beforeSuite(org.testng.ITestContext)[pri:0, instance:com.xuehai.response.testCase.Teacher.DeleteUsersGroups@3ffc5af1]" name="beforeSuite" is-config="true" duration-ms="0" started-at="2020-06-10T15:09:32Z" finished-at="2020-06-10T15:09:32Z">
          <params>
            <param index="0">
              <value>
                <![CDATA[org.testng.TestRunner@35e5d0e5]]>
              </value>
            </param>
          </params>
          <reporter-output>
          </reporter-output>
        </test-method> <!-- beforeSuite -->
        <test-method status="PASS" signature="beforeSuite(org.testng.ITestContext)[pri:0, instance:com.xuehai.response.testCase.Teacher.DeleteUsersShields@68c4039c]" name="beforeSuite" is-config="true" duration-ms="4" started-at="2020-06-10T15:09:32Z" finished-at="2020-06-10T15:09:32Z">
          <params>
            <param index="0">
              <value>
                <![CDATA[org.testng.TestRunner@35e5d0e5]]>
              </value>
            </param>
          </params>
          <reporter-output>
          </reporter-output>
        </test-method> <!-- beforeSuite -->
        <test-method status="PASS" signature="beforeSuite(org.testng.ITestContext)[pri:0, instance:com.xuehai.response.testCase.Student.GetFriendsJudge@6767c1fc]" name="beforeSuite" is-config="true" duration-ms="0" started-at="2020-06-10T15:09:32Z" finished-at="2020-06-10T15:09:32Z">
          <params>
            <param index="0">
              <value>
                <![CDATA[org.testng.TestRunner@35e5d0e5]]>
              </value>
            </param>
          </params>
          <reporter-output>
          </reporter-output>
        </test-method> <!-- beforeSuite -->
        <test-method status="PASS" signature="beforeSuite(org.testng.ITestContext)[pri:0, instance:com.xuehai.response.testCase.Teacher.GetFriendsRequests@1d057a39]" name="beforeSuite" is-config="true" duration-ms="1" started-at="2020-06-10T15:09:32Z" finished-at="2020-06-10T15:09:32Z">
          <params>
            <param index="0">
              <value>
                <![CDATA[org.testng.TestRunner@35e5d0e5]]>
              </value>
            </param>
          </params>
          <reporter-output>
          </reporter-output>
        </test-method> <!-- beforeSuite -->
        <test-method status="PASS" signature="beforeSuite(org.testng.ITestContext)[pri:0, instance:com.xuehai.response.testCase.Teacher.GetGroupsSilence@29774679]" name="beforeSuite" is-config="true" duration-ms="11" started-at="2020-06-10T15:09:32Z" finished-at="2020-06-10T15:09:32Z">
          <params>
            <param index="0">
              <value>
                <![CDATA[org.testng.TestRunner@35e5d0e5]]>
              </value>
            </param>
          </params>
          <reporter-output>
          </reporter-output>
        </test-method> <!-- beforeSuite -->
        <test-method status="PASS" signature="beforeSuite(org.testng.ITestContext)[pri:0, instance:com.xuehai.response.testCase.Teacher.GetSessionMessages@475530b9]" name="beforeSuite" is-config="true" duration-ms="2" started-at="2020-06-10T15:09:32Z" finished-at="2020-06-10T15:09:32Z">
          <params>
            <param index="0">
              <value>
                <![CDATA[org.testng.TestRunner@35e5d0e5]]>
              </value>
            </param>
          </params>
          <reporter-output>
          </reporter-output>
        </test-method> <!-- beforeSuite -->
        <test-method status="PASS" signature="beforeSuite(org.testng.ITestContext)[pri:0, instance:com.xuehai.response.testCase.Teacher.GetMessagesUnread@4c70fda8]" name="beforeSuite" is-config="true" duration-ms="0" started-at="2020-06-10T15:09:32Z" finished-at="2020-06-10T15:09:32Z">
          <params>
            <param index="0">
              <value>
                <![CDATA[org.testng.TestRunner@35e5d0e5]]>
              </value>
            </param>
          </params>
          <reporter-output>
          </reporter-output>
        </test-method> <!-- beforeSuite -->
        <test-method status="PASS" signature="beforeSuite(org.testng.ITestContext)[pri:0, instance:com.xuehai.response.testCase.Teacher.GetSessionRecent@2b98378d]" name="beforeSuite" is-config="true" duration-ms="2" started-at="2020-06-10T15:09:32Z" finished-at="2020-06-10T15:09:32Z">
          <params>
            <param index="0">
              <value>
                <![CDATA[org.testng.TestRunner@35e5d0e5]]>
              </value>
            </param>
          </params>
          <reporter-output>
          </reporter-output>
        </test-method> <!-- beforeSuite -->
        <test-method status="PASS" signature="beforeSuite(org.testng.ITestContext)[pri:0, instance:com.xuehai.response.testCase.Teacher.GetShieldNotes@4b9e13df]" name="beforeSuite" is-config="true" duration-ms="1" started-at="2020-06-10T15:09:32Z" finished-at="2020-06-10T15:09:32Z">
          <params>
            <param index="0">
              <value>
                <![CDATA[org.testng.TestRunner@35e5d0e5]]>
              </value>
            </param>
          </params>
          <reporter-output>
          </reporter-output>
        </test-method> <!-- beforeSuite -->
        <test-method status="PASS" signature="beforeSuite(org.testng.ITestContext)[pri:0, instance:com.xuehai.response.testCase.Student.GetShieldStudentNotes@29ee9faa]" name="beforeSuite" is-config="true" duration-ms="1" started-at="2020-06-10T15:09:32Z" finished-at="2020-06-10T15:09:32Z">
          <params>
            <param index="0">
              <value>
                <![CDATA[org.testng.TestRunner@35e5d0e5]]>
              </value>
            </param>
          </params>
          <reporter-output>
          </reporter-output>
        </test-method> <!-- beforeSuite -->
        <test-method status="PASS" signature="beforeSuite(org.testng.ITestContext)[pri:0, instance:com.xuehai.response.testCase.Teacher.GetUsersShields@cb5822]" name="beforeSuite" is-config="true" duration-ms="1" started-at="2020-06-10T15:09:32Z" finished-at="2020-06-10T15:09:32Z">
          <params>
            <param index="0">
              <value>
                <![CDATA[org.testng.TestRunner@35e5d0e5]]>
              </value>
            </param>
          </params>
          <reporter-output>
          </reporter-output>
        </test-method> <!-- beforeSuite -->
        <test-method status="PASS" signature="beforeSuite(org.testng.ITestContext)[pri:0, instance:com.xuehai.response.testCase.Student.GetshieldStudents@c038203]" name="beforeSuite" is-config="true" duration-ms="1" started-at="2020-06-10T15:09:32Z" finished-at="2020-06-10T15:09:32Z">
          <params>
            <param index="0">
              <value>
                <![CDATA[org.testng.TestRunner@35e5d0e5]]>
              </value>
            </param>
          </params>
          <reporter-output>
          </reporter-output>
        </test-method> <!-- beforeSuite -->
        <test-method status="PASS" signature="beforeSuite(org.testng.ITestContext)[pri:0, instance:com.xuehai.response.testCase.Teacher.PatchGroupsSilence@61832929]" name="beforeSuite" is-config="true" duration-ms="2" started-at="2020-06-10T15:09:32Z" finished-at="2020-06-10T15:09:32Z">
          <params>
            <param index="0">
              <value>
                <![CDATA[org.testng.TestRunner@35e5d0e5]]>
              </value>
            </param>
          </params>
          <reporter-output>
          </reporter-output>
        </test-method> <!-- beforeSuite -->
        <test-method status="PASS" signature="beforeSuite(org.testng.ITestContext)[pri:0, instance:com.xuehai.response.testCase.Teacher.PatchMessagesReadAck@224edc67]" name="beforeSuite" is-config="true" duration-ms="2" started-at="2020-06-10T15:09:32Z" finished-at="2020-06-10T15:09:32Z">
          <params>
            <param index="0">
              <value>
                <![CDATA[org.testng.TestRunner@35e5d0e5]]>
              </value>
            </param>
          </params>
          <reporter-output>
          </reporter-output>
        </test-method> <!-- beforeSuite -->
        <test-method status="PASS" signature="beforeSuite(org.testng.ITestContext)[pri:0, instance:com.xuehai.response.testCase.Teacher.PatchMessagesRevoke@d8355a8]" name="beforeSuite" is-config="true" duration-ms="1" started-at="2020-06-10T15:09:32Z" finished-at="2020-06-10T15:09:32Z">
          <params>
            <param index="0">
              <value>
                <![CDATA[org.testng.TestRunner@35e5d0e5]]>
              </value>
            </param>
          </params>
          <reporter-output>
          </reporter-output>
        </test-method> <!-- beforeSuite -->
        <test-method status="PASS" signature="beforeSuite(org.testng.ITestContext)[pri:0, instance:com.xuehai.response.testCase.Teacher.PatchShieldNotesCancel@59f99ea]" name="beforeSuite" is-config="true" duration-ms="2" started-at="2020-06-10T15:09:32Z" finished-at="2020-06-10T15:09:32Z">
          <params>
            <param index="0">
              <value>
                <![CDATA[org.testng.TestRunner@35e5d0e5]]>
              </value>
            </param>
          </params>
          <reporter-output>
          </reporter-output>
        </test-method> <!-- beforeSuite -->
        <test-method status="PASS" signature="beforeSuite(org.testng.ITestContext)[pri:0, instance:com.xuehai.response.testCase.Teacher.PatchSessionsTop@59fa1d9b]" name="beforeSuite" is-config="true" duration-ms="0" started-at="2020-06-10T15:09:32Z" finished-at="2020-06-10T15:09:32Z">
          <params>
            <param index="0">
              <value>
                <![CDATA[org.testng.TestRunner@35e5d0e5]]>
              </value>
            </param>
          </params>
          <reporter-output>
          </reporter-output>
        </test-method> <!-- beforeSuite -->
        <test-method status="PASS" signature="beforeSuite(org.testng.ITestContext)[pri:0, instance:com.xuehai.response.testCase.Teacher.PatchShieldsCancel@ae45eb6]" name="beforeSuite" is-config="true" duration-ms="1" started-at="2020-06-10T15:09:32Z" finished-at="2020-06-10T15:09:32Z">
          <params>
            <param index="0">
              <value>
                <![CDATA[org.testng.TestRunner@35e5d0e5]]>
              </value>
            </param>
          </params>
          <reporter-output>
          </reporter-output>
        </test-method> <!-- beforeSuite -->
        <test-method status="PASS" signature="beforeSuite(org.testng.ITestContext)[pri:0, instance:com.xuehai.response.testCase.Teacher.PatchUsersGroups@523884b2]" name="beforeSuite" is-config="true" duration-ms="3" started-at="2020-06-10T15:09:32Z" finished-at="2020-06-10T15:09:32Z">
          <params>
            <param index="0">
              <value>
                <![CDATA[org.testng.TestRunner@35e5d0e5]]>
              </value>
            </param>
          </params>
          <reporter-output>
          </reporter-output>
        </test-method> <!-- beforeSuite -->
        <test-method status="PASS" signature="beforeSuite(org.testng.ITestContext)[pri:0, instance:com.xuehai.response.testCase.Teacher.PostClients@26be92ad]" name="beforeSuite" is-config="true" duration-ms="1" started-at="2020-06-10T15:09:32Z" finished-at="2020-06-10T15:09:32Z">
          <params>
            <param index="0">
              <value>
                <![CDATA[org.testng.TestRunner@35e5d0e5]]>
              </value>
            </param>
          </params>
          <reporter-output>
          </reporter-output>
        </test-method> <!-- beforeSuite -->
        <test-method status="PASS" signature="beforeSuite(org.testng.ITestContext)[pri:0, instance:com.xuehai.response.testCase.Teacher.PostGroups@4501b7af]" name="beforeSuite" is-config="true" duration-ms="2" started-at="2020-06-10T15:09:32Z" finished-at="2020-06-10T15:09:32Z">
          <params>
            <param index="0">
              <value>
                <![CDATA[org.testng.TestRunner@35e5d0e5]]>
              </value>
            </param>
          </params>
          <reporter-output>
          </reporter-output>
        </test-method> <!-- beforeSuite -->
        <test-method status="PASS" signature="beforeSuite(org.testng.ITestContext)[pri:0, instance:com.xuehai.response.testCase.Student.PostFriendsRequests@4678c730]" name="beforeSuite" is-config="true" duration-ms="0" started-at="2020-06-10T15:09:32Z" finished-at="2020-06-10T15:09:32Z">
          <params>
            <param index="0">
              <value>
                <![CDATA[org.testng.TestRunner@35e5d0e5]]>
              </value>
            </param>
          </params>
          <reporter-output>
          </reporter-output>
        </test-method> <!-- beforeSuite -->
        <test-method status="PASS" signature="beforeSuite(org.testng.ITestContext)[pri:0, instance:com.xuehai.response.testCase.Teacher.PostGroupsbatch@18be83e4]" name="beforeSuite" is-config="true" duration-ms="1" started-at="2020-06-10T15:09:32Z" finished-at="2020-06-10T15:09:32Z">
          <params>
            <param index="0">
              <value>
                <![CDATA[org.testng.TestRunner@35e5d0e5]]>
              </value>
            </param>
          </params>
          <reporter-output>
          </reporter-output>
        </test-method> <!-- beforeSuite -->
        <test-method status="PASS" signature="beforeSuite(org.testng.ITestContext)[pri:0, instance:com.xuehai.response.testCase.Teacher.PostMessages@14acaea5]" name="beforeSuite" is-config="true" duration-ms="4" started-at="2020-06-10T15:09:32Z" finished-at="2020-06-10T15:09:32Z">
          <params>
            <param index="0">
              <value>
                <![CDATA[org.testng.TestRunner@35e5d0e5]]>
              </value>
            </param>
          </params>
          <reporter-output>
          </reporter-output>
        </test-method> <!-- beforeSuite -->
        <test-method status="PASS" signature="beforeSuite(org.testng.ITestContext)[pri:0, instance:com.xuehai.response.testCase.Student.PostPlatformStudentLogin@724af044]" name="beforeSuite" is-config="true" duration-ms="1" started-at="2020-06-10T15:09:32Z" finished-at="2020-06-10T15:09:32Z">
          <params>
            <param index="0">
              <value>
                <![CDATA[org.testng.TestRunner@35e5d0e5]]>
              </value>
            </param>
          </params>
          <reporter-output>
          </reporter-output>
        </test-method> <!-- beforeSuite -->
        <test-method status="PASS" signature="beforeSuite(org.testng.ITestContext)[pri:0, instance:com.xuehai.response.testCase.Teacher.PostPlatformTeacherLogin@cc285f4]" name="beforeSuite" is-config="true" duration-ms="1" started-at="2020-06-10T15:09:32Z" finished-at="2020-06-10T15:09:32Z">
          <params>
            <param index="0">
              <value>
                <![CDATA[org.testng.TestRunner@35e5d0e5]]>
              </value>
            </param>
          </params>
          <reporter-output>
          </reporter-output>
        </test-method> <!-- beforeSuite -->
        <test-method status="PASS" signature="beforeSuite(org.testng.ITestContext)[pri:0, instance:com.xuehai.response.testCase.Teacher.PostShieldNotes@5e5792a0]" name="beforeSuite" is-config="true" duration-ms="1" started-at="2020-06-10T15:09:32Z" finished-at="2020-06-10T15:09:32Z">
          <params>
            <param index="0">
              <value>
                <![CDATA[org.testng.TestRunner@35e5d0e5]]>
              </value>
            </param>
          </params>
          <reporter-output>
          </reporter-output>
        </test-method> <!-- beforeSuite -->
        <test-method status="PASS" signature="beforeSuite(org.testng.ITestContext)[pri:0, instance:com.xuehai.response.testCase.Teacher.PostUsersShields@3532ec19]" name="beforeSuite" is-config="true" duration-ms="4" started-at="2020-06-10T15:09:32Z" finished-at="2020-06-10T15:09:32Z">
          <params>
            <param index="0">
              <value>
                <![CDATA[org.testng.TestRunner@35e5d0e5]]>
              </value>
            </param>
          </params>
          <reporter-output>
          </reporter-output>
        </test-method> <!-- beforeSuite -->
        <test-method status="PASS" signature="beforeSuite(org.testng.ITestContext)[pri:0, instance:com.xuehai.response.testCase.Teacher.PutAgree@55f3ddb1]" name="beforeSuite" is-config="true" duration-ms="1" started-at="2020-06-10T15:09:32Z" finished-at="2020-06-10T15:09:32Z">
          <params>
            <param index="0">
              <value>
                <![CDATA[org.testng.TestRunner@35e5d0e5]]>
              </value>
            </param>
          </params>
          <reporter-output>
          </reporter-output>
        </test-method> <!-- beforeSuite -->
        <test-method status="PASS" signature="beforeSuite(org.testng.ITestContext)[pri:0, instance:com.xuehai.response.testCase.Teacher.PutGroupsSilence@5b275dab]" name="beforeSuite" is-config="true" duration-ms="0" started-at="2020-06-10T15:09:32Z" finished-at="2020-06-10T15:09:32Z">
          <params>
            <param index="0">
              <value>
                <![CDATA[org.testng.TestRunner@35e5d0e5]]>
              </value>
            </param>
          </params>
          <reporter-output>
          </reporter-output>
        </test-method> <!-- beforeSuite -->
        <test-method status="PASS" signature="beforeClass(java.lang.String)[pri:0, instance:com.xuehai.response.testCase.Teacher.DeleteFriends@8bd1b6a]" name="beforeClass" is-config="true" duration-ms="3" started-at="2020-06-10T15:09:34Z" finished-at="2020-06-10T15:09:34Z">
          <params>
            <param index="0">
              <value>
                <![CDATA[src/test/resources/case.xml]]>
              </value>
            </param>
          </params>
          <reporter-output>
          </reporter-output>
        </test-method> <!-- beforeClass -->
        <test-method status="PASS" signature="action(com.xuehai.model.Entity)[pri:0, instance:com.xuehai.response.testCase.Teacher.DeleteFriends@8bd1b6a]" name="action" duration-ms="32" started-at="2020-06-10T15:09:34Z" description="删除好友" data-provider="data" finished-at="2020-06-10T15:09:34Z">
          <params>
            <param index="0">
              <value>
                <![CDATA[Entity [id=case1, description=正常数据, domain=http://192.168.10.17:8084, url=/api/v1/users/152424/friends/152414, urlParam=, method=DELETE, header=[Authorization=Bearer eyJhbGciOiJIUzUxMiJ9.eyJ1aWQiOiIxNTI0MjQiLCJzdWIiOiJwdGxzMyIsImNyZWF0ZWQiOjE1OTE3NzI5NzQ1MjQsInJlcGVhdCI6ZmFsc2UsImF1dGhvcml0eSI6bnVsbCwiaXNzIjoiNmhTTmpXRzYzWGZlVGpTUDlrMTFVNHpCWHVFdUtpSkMiLCJleHAiOjE1OTIzNzc3NzQsInZlcnNpb24iOiIxMjcwNjE0MDY0NTg5OTYzMzMwIiwic2lkIjoiMTA0MWI1ZmU5OTEwNDc1OTg4ZmE4ODFlOGUzOGYyZGEifQ.idmsVcKnZrWuX-WieinF8qJyGZZvLWaaHIGRBE_GIpIZl1u7RWdTlEXzVQUcOTtHW8sHZfdcagDYH3HcZ5D5Cw,content-type=application/json], queryString=&sign=3683cef10c2d9c4ccc32795a409eaa28&t=1591772974746, bodyData=, assertion={"invokeType":1,"action":"first","assertType":1,"assertKey":["responseCode"]}, authToken=null, sign=false, mock=null]]]>
              </value>
            </param>
          </params>
          <reporter-output>
          </reporter-output>
        </test-method> <!-- action -->
        <test-method status="PASS" signature="afterClass()[pri:0, instance:com.xuehai.response.testCase.Teacher.DeleteFriends@8bd1b6a]" name="afterClass" is-config="true" duration-ms="32" started-at="2020-06-10T15:09:34Z" finished-at="2020-06-10T15:09:34Z">
          <reporter-output>
          </reporter-output>
        </test-method> <!-- afterClass -->
      </class> <!-- com.xuehai.response.testCase.Teacher.DeleteFriends -->
      <class name="com.xuehai.response.testCase.Teacher.GetGroupsSilence">
        <test-method status="PASS" signature="beforeClass(java.lang.String)[pri:0, instance:com.xuehai.response.testCase.Teacher.GetGroupsSilence@29774679]" name="beforeClass" is-config="true" duration-ms="2" started-at="2020-06-10T15:09:37Z" finished-at="2020-06-10T15:09:37Z">
          <params>
            <param index="0">
              <value>
                <![CDATA[src/test/resources/case.xml]]>
              </value>
            </param>
          </params>
          <reporter-output>
          </reporter-output>
        </test-method> <!-- beforeClass -->
        <test-method status="PASS" signature="action(com.xuehai.model.Entity)[pri:0, instance:com.xuehai.response.testCase.Teacher.GetGroupsSilence@29774679]" name="action" duration-ms="170" started-at="2020-06-10T15:09:37Z" description="获取群禁言消息" data-provider="data" finished-at="2020-06-10T15:09:38Z">
          <params>
            <param index="0">
              <value>
                <![CDATA[Entity [id=case1, description=正常数据, domain=http://192.168.10.17:8084, url=/api/v1/users/152424/groups/67487/silence, urlParam=, method=GET, header=[Authorization=Bearer eyJhbGciOiJIUzUxMiJ9.eyJ1aWQiOiIxNTI0MTQiLCJzdWIiOiJwdGNzMiIsImNyZWF0ZWQiOjE1OTE3NzI5NzM1MTYsInJlcGVhdCI6ZmFsc2UsImF1dGhvcml0eSI6bnVsbCwiaXNzIjoiNmhTTmpXRzYzWGZlVGpTUDlrMTFVNHpCWHVFdUtpSkMiLCJleHAiOjE1OTIzNzc3NzMsInZlcnNpb24iOiIxMjcwNjE0MDYwMzYyMTA0ODYwIiwic2lkIjoiNmEyNzdkZjcyYWFkNGRhYzhiZTIyZTJlMDgwYjc5NzAifQ.6vwYIQBg-koeWIcsCdkxwctNhZJmmkJEw3w09M_qR9lSAkIGQ3_KOlmmHsPqohCHD86vWDZgLJUyGIQBkY1plQ,content-type=application/json], queryString=&sign=0bfd44b2d39b2ed3098c785dce03b530&t=1591772977899, bodyData=, assertion={"invokeType":1,"action":"first","assertType":1,"assertKey":["responseCode"]}, authToken=null, sign=false, mock=null]]]>
              </value>
            </param>
          </params>
          <reporter-output>
          </reporter-output>
        </test-method> <!-- action -->
        <test-method status="PASS" signature="afterClass()[pri:0, instance:com.xuehai.response.testCase.Teacher.GetGroupsSilence@29774679]" name="afterClass" is-config="true" duration-ms="30" started-at="2020-06-10T15:09:38Z" finished-at="2020-06-10T15:09:38Z">
          <reporter-output>
          </reporter-output>
        </test-method> <!-- afterClass -->
      </class> <!-- com.xuehai.response.testCase.Teacher.GetGroupsSilence -->
      <class name="com.xuehai.response.testCase.Student.GetShieldStudentNotes">
        <test-method status="PASS" signature="beforeClass(java.lang.String)[pri:0, instance:com.xuehai.response.testCase.Student.GetShieldStudentNotes@29ee9faa]" name="beforeClass" is-config="true" duration-ms="11" started-at="2020-06-10T15:09:34Z" finished-at="2020-06-10T15:09:34Z">
          <params>
            <param index="0">
              <value>
                <![CDATA[src/test/resources/case.xml]]>
              </value>
            </param>
          </params>
          <reporter-output>
          </reporter-output>
        </test-method> <!-- beforeClass -->
        <test-method status="PASS" signature="action(com.xuehai.model.Entity)[pri:0, instance:com.xuehai.response.testCase.Student.GetShieldStudentNotes@29ee9faa]" name="action" duration-ms="19" started-at="2020-06-10T15:09:34Z" description="学生获取屏蔽他老师列表" data-provider="data" finished-at="2020-06-10T15:09:34Z">
          <params>
            <param index="0">
              <value>
                <![CDATA[Entity [id=case1, description=正常数据, domain=http://192.168.10.17:8084, url=/api/v1/users/152414/shieldStudentNotes/, urlParam=, method=GET, header=[Authorization=Bearer eyJhbGciOiJIUzUxMiJ9.eyJ1aWQiOiIxNTI0MTQiLCJzdWIiOiJwdGNzMiIsImNyZWF0ZWQiOjE1OTE3NzI5NzM1MTYsInJlcGVhdCI6ZmFsc2UsImF1dGhvcml0eSI6bnVsbCwiaXNzIjoiNmhTTmpXRzYzWGZlVGpTUDlrMTFVNHpCWHVFdUtpSkMiLCJleHAiOjE1OTIzNzc3NzMsInZlcnNpb24iOiIxMjcwNjE0MDYwMzYyMTA0ODYwIiwic2lkIjoiNmEyNzdkZjcyYWFkNGRhYzhiZTIyZTJlMDgwYjc5NzAifQ.6vwYIQBg-koeWIcsCdkxwctNhZJmmkJEw3w09M_qR9lSAkIGQ3_KOlmmHsPqohCHD86vWDZgLJUyGIQBkY1plQ,content-type=application/json], queryString=version=0&sign=7dbf375e367501ed27c1d4e9a4c9201a&t=1591772974160, bodyData=, assertion={"invokeType":1,"action":"first","assertType":1,"assertKey":["responseCode"]}, authToken=null, sign=false, mock=null]]]>
              </value>
            </param>
          </params>
          <reporter-output>
          </reporter-output>
        </test-method> <!-- action -->
        <test-method status="PASS" signature="afterClass()[pri:0, instance:com.xuehai.response.testCase.Student.GetShieldStudentNotes@29ee9faa]" name="afterClass" is-config="true" duration-ms="36" started-at="2020-06-10T15:09:34Z" finished-at="2020-06-10T15:09:34Z">
          <reporter-output>
          </reporter-output>
        </test-method> <!-- afterClass -->
      </class> <!-- com.xuehai.response.testCase.Student.GetShieldStudentNotes -->
      <class name="com.xuehai.response.testCase.Student.GetshieldStudents">
        <test-method status="PASS" signature="beforeClass(java.lang.String)[pri:0, instance:com.xuehai.response.testCase.Student.GetshieldStudents@c038203]" name="beforeClass" is-config="true" duration-ms="7" started-at="2020-06-10T15:09:34Z" finished-at="2020-06-10T15:09:34Z">
          <params>
            <param index="0">
[...]
          <reporter-output>
          </reporter-output>
        </test-method> <!-- afterClass -->
      </class> <!-- com.xuehai.response.testCase.Teacher.DeleteUsersGroups -->
      <class name="com.xuehai.response.testCase.Teacher.PostMessages">
        <test-method status="PASS" signature="beforeClass(java.lang.String)[pri:0, instance:com.xuehai.response.testCase.Teacher.PostMessages@14acaea5]" name="beforeClass" is-config="true" duration-ms="5" started-at="2020-06-10T15:09:36Z" finished-at="2020-06-10T15:09:36Z">
          <params>
            <param index="0">
              <value>
                <![CDATA[src/test/resources/case.xml]]>
              </value>
            </param>
          </params>
          <reporter-output>
          </reporter-output>
        </test-method> <!-- beforeClass -->
        <test-method status="PASS" signature="action(com.xuehai.model.Entity)[pri:0, instance:com.xuehai.response.testCase.Teacher.PostMessages@14acaea5]" name="action" duration-ms="46" started-at="2020-06-10T15:09:36Z" description="发送消息" data-provider="data" finished-at="2020-06-10T15:09:36Z">
          <params>
            <param index="0">
              <value>
                <![CDATA[Entity [id=case1, description=正常数据, domain=http://192.168.10.17:8084, url=/api/v1/users/152424/sessions/152414/messages/, urlParam=, method=POST, header=[Authorization=Bearer eyJhbGciOiJIUzUxMiJ9.eyJ1aWQiOiIxNTI0MjQiLCJzdWIiOiJwdGxzMyIsImNyZWF0ZWQiOjE1OTE3NzI5NzQ1MjQsInJlcGVhdCI6ZmFsc2UsImF1dGhvcml0eSI6bnVsbCwiaXNzIjoiNmhTTmpXRzYzWGZlVGpTUDlrMTFVNHpCWHVFdUtpSkMiLCJleHAiOjE1OTIzNzc3NzQsInZlcnNpb24iOiIxMjcwNjE0MDY0NTg5OTYzMzMwIiwic2lkIjoiMTA0MWI1ZmU5OTEwNDc1OTg4ZmE4ODFlOGUzOGYyZGEifQ.idmsVcKnZrWuX-WieinF8qJyGZZvLWaaHIGRBE_GIpIZl1u7RWdTlEXzVQUcOTtHW8sHZfdcagDYH3HcZ5D5Cw,content-type=application/json], queryString=&sign=4ca9a23c8124d86b31121c5470309992&t=1591772976843, bodyData={"msgContent":"111","msgType":"SINGLE_TEXT","createTime":0,"msgId":0}, assertion={"invokeType":1,"action":"first","assertType":1,"assertKey":["responseCode"]}, authToken=null, sign=false, mock=null]]]>
              </value>
            </param>
          </params>
          <reporter-output>
          </reporter-output>
        </test-method> <!-- action -->
        <test-method status="PASS" signature="afterClass()[pri:0, instance:com.xuehai.response.testCase.Teacher.PostMessages@14acaea5]" name="afterClass" is-config="true" duration-ms="32" started-at="2020-06-10T15:09:36Z" finished-at="2020-06-10T15:09:36Z">
          <reporter-output>
          </reporter-output>
        </test-method> <!-- afterClass -->
      </class> <!-- com.xuehai.response.testCase.Teacher.PostMessages -->
      <class name="com.xuehai.response.testCase.Teacher.PostGroups">
        <test-method status="PASS" signature="beforeClass(java.lang.String)[pri:0, instance:com.xuehai.response.testCase.Teacher.PostGroups@4501b7af]" name="beforeClass" is-config="true" duration-ms="3" started-at="2020-06-10T15:09:37Z" finished-at="2020-06-10T15:09:37Z">
          <params>
            <param index="0">
              <value>
                <![CDATA[src/test/resources/case.xml]]>
              </value>
            </param>
          </params>
          <reporter-output>
          </reporter-output>
        </test-method> <!-- beforeClass -->
        <test-method status="PASS" signature="action(com.xuehai.model.Entity)[pri:0, instance:com.xuehai.response.testCase.Teacher.PostGroups@4501b7af]" name="action" duration-ms="415" started-at="2020-06-10T15:09:37Z" description="创建群组" data-provider="data" finished-at="2020-06-10T15:09:37Z">
          <params>
            <param index="0">
              <value>
                <![CDATA[Entity [id=case1, description=正常数据, domain=http://192.168.10.17:8084, url=/api/v1/users/152424/groups/, urlParam=, method=POST, header=[Authorization=Bearer eyJhbGciOiJIUzUxMiJ9.eyJ1aWQiOiIxNTI0MjQiLCJzdWIiOiJwdGxzMyIsImNyZWF0ZWQiOjE1OTE3NzI5NzQ1MjQsInJlcGVhdCI6ZmFsc2UsImF1dGhvcml0eSI6bnVsbCwiaXNzIjoiNmhTTmpXRzYzWGZlVGpTUDlrMTFVNHpCWHVFdUtpSkMiLCJleHAiOjE1OTIzNzc3NzQsInZlcnNpb24iOiIxMjcwNjE0MDY0NTg5OTYzMzMwIiwic2lkIjoiMTA0MWI1ZmU5OTEwNDc1OTg4ZmE4ODFlOGUzOGYyZGEifQ.idmsVcKnZrWuX-WieinF8qJyGZZvLWaaHIGRBE_GIpIZl1u7RWdTlEXzVQUcOTtHW8sHZfdcagDYH3HcZ5D5Cw,content-type=application/json], queryString=&sign=21ae627016ca0446838e2887cf35de52&t=1591772977250, bodyData={"members":[152424,152425,152569],"name":"欧阳锋、殷天正","tags":[{"key":"groupType","value":"2"}],"type":"TMP","creator":152424}, assertion={"invokeType":1,"action":"first","assertType":1,"assertKey":["responseCode"]}, authToken=null, sign=false, mock=null]]]>
              </value>
            </param>
          </params>
          <reporter-output>
          </reporter-output>
        </test-method> <!-- action -->
        <test-method status="PASS" signature="afterClass()[pri:0, instance:com.xuehai.response.testCase.Teacher.PostGroups@4501b7af]" name="afterClass" is-config="true" duration-ms="41" started-at="2020-06-10T15:09:37Z" finished-at="2020-06-10T15:09:37Z">
          <reporter-output>
          </reporter-output>
        </test-method> <!-- afterClass -->
      </class> <!-- com.xuehai.response.testCase.Teacher.PostGroups -->
      <class name="com.xuehai.response.testCase.Teacher.GetSessionRecent">
        <test-method status="PASS" signature="beforeClass(java.lang.String)[pri:0, instance:com.xuehai.response.testCase.Teacher.GetSessionRecent@2b98378d]" name="beforeClass" is-config="true" duration-ms="3" started-at="2020-06-10T15:09:35Z" finished-at="2020-06-10T15:09:35Z">
          <params>
            <param index="0">
              <value>
                <![CDATA[src/test/resources/case.xml]]>
              </value>
            </param>
          </params>
          <reporter-output>
          </reporter-output>
        </test-method> <!-- beforeClass -->
        <test-method status="PASS" signature="action(com.xuehai.model.Entity)[pri:0, instance:com.xuehai.response.testCase.Teacher.GetSessionRecent@2b98378d]" name="action" duration-ms="515" started-at="2020-06-10T15:09:35Z" description="获取最近联系人会话列表" data-provider="data" finished-at="2020-06-10T15:09:35Z">
          <params>
            <param index="0">
              <value>
                <![CDATA[Entity [id=case1, description=正常数据, domain=http://192.168.10.17:8084, url=/api/v1/users/152424/sessions/recent, urlParam=, method=GET, header=[Authorization=Bearer eyJhbGciOiJIUzUxMiJ9.eyJ1aWQiOiIxNTI0MjQiLCJzdWIiOiJwdGxzMyIsImNyZWF0ZWQiOjE1OTE3NzI5NzQ1MjQsInJlcGVhdCI6ZmFsc2UsImF1dGhvcml0eSI6bnVsbCwiaXNzIjoiNmhTTmpXRzYzWGZlVGpTUDlrMTFVNHpCWHVFdUtpSkMiLCJleHAiOjE1OTIzNzc3NzQsInZlcnNpb24iOiIxMjcwNjE0MDY0NTg5OTYzMzMwIiwic2lkIjoiMTA0MWI1ZmU5OTEwNDc1OTg4ZmE4ODFlOGUzOGYyZGEifQ.idmsVcKnZrWuX-WieinF8qJyGZZvLWaaHIGRBE_GIpIZl1u7RWdTlEXzVQUcOTtHW8sHZfdcagDYH3HcZ5D5Cw,content-type=application/json], queryString=lastTime=1558513009336&sign=97aaeda87669ee4ec6863ed49cdf817b&t=1591772975030, bodyData=, assertion={"invokeType":1,"action":"first","assertType":1,"assertKey":["responseCode"]}, authToken=null, sign=false, mock=null]]]>
              </value>
            </param>
          </params>
          <reporter-output>
          </reporter-output>
        </test-method> <!-- action -->
        <test-method status="PASS" signature="afterClass()[pri:0, instance:com.xuehai.response.testCase.Teacher.GetSessionRecent@2b98378d]" name="afterClass" is-config="true" duration-ms="51" started-at="2020-06-10T15:09:35Z" finished-at="2020-06-10T15:09:35Z">
          <reporter-output>
          </reporter-output>
        </test-method> <!-- afterClass -->
      </class> <!-- com.xuehai.response.testCase.Teacher.GetSessionRecent -->
      <class name="com.xuehai.response.testCase.Teacher.PostShieldNotes">
        <test-method status="PASS" signature="beforeClass(java.lang.String)[pri:0, instance:com.xuehai.response.testCase.Teacher.PostShieldNotes@5e5792a0]" name="beforeClass" is-config="true" duration-ms="2" started-at="2020-06-10T15:09:38Z" finished-at="2020-06-10T15:09:38Z">
          <params>
            <param index="0">
              <value>
                <![CDATA[src/test/resources/case.xml]]>
              </value>
            </param>
          </params>
          <reporter-output>
          </reporter-output>
        </test-method> <!-- beforeClass -->
        <test-method status="PASS" signature="action(com.xuehai.model.Entity)[pri:0, instance:com.xuehai.response.testCase.Teacher.PostShieldNotes@5e5792a0]" name="action" duration-ms="26" started-at="2020-06-10T15:09:38Z" description="屏蔽发送便签" data-provider="data" finished-at="2020-06-10T15:09:38Z">
          <params>
            <param index="0">
              <value>
                <![CDATA[Entity [id=case1, description=正常数据, domain=http://192.168.10.17:8084, url=/api/v1/users/152424/shieldNotes/, urlParam=, method=POST, header=[Authorization=Bearer eyJhbGciOiJIUzUxMiJ9.eyJ1aWQiOiIxNTI0MTQiLCJzdWIiOiJwdGNzMiIsImNyZWF0ZWQiOjE1OTE3NzI5NzM1MTYsInJlcGVhdCI6ZmFsc2UsImF1dGhvcml0eSI6bnVsbCwiaXNzIjoiNmhTTmpXRzYzWGZlVGpTUDlrMTFVNHpCWHVFdUtpSkMiLCJleHAiOjE1OTIzNzc3NzMsInZlcnNpb24iOiIxMjcwNjE0MDYwMzYyMTA0ODYwIiwic2lkIjoiNmEyNzdkZjcyYWFkNGRhYzhiZTIyZTJlMDgwYjc5NzAifQ.6vwYIQBg-koeWIcsCdkxwctNhZJmmkJEw3w09M_qR9lSAkIGQ3_KOlmmHsPqohCHD86vWDZgLJUyGIQBkY1plQ,content-type=application/json], queryString=&sign=e34b410486c2d5070061eaa505b88722&t=1591772978505, bodyData={"peerIds":[152412]}, assertion={"invokeType":1,"action":"first","assertType":1,"assertKey":["responseCode"]}, authToken=null, sign=false, mock=null]]]>
              </value>
            </param>
          </params>
          <reporter-output>
          </reporter-output>
        </test-method> <!-- action -->
        <test-method status="PASS" signature="afterClass()[pri:0, instance:com.xuehai.response.testCase.Teacher.PostShieldNotes@5e5792a0]" name="afterClass" is-config="true" duration-ms="29" started-at="2020-06-10T15:09:38Z" finished-at="2020-06-10T15:09:38Z">
          <reporter-output>
          </reporter-output>
        </test-method> <!-- afterClass -->
      </class> <!-- com.xuehai.response.testCase.Teacher.PostShieldNotes -->
      <class name="com.xuehai.response.testCase.Teacher.GetUsersShields">
        <test-method status="PASS" signature="beforeClass(java.lang.String)[pri:0, instance:com.xuehai.response.testCase.Teacher.GetUsersShields@cb5822]" name="beforeClass" is-config="true" duration-ms="6" started-at="2020-06-10T15:09:34Z" finished-at="2020-06-10T15:09:34Z">
          <params>
            <param index="0">
              <value>
                <![CDATA[src/test/resources/case.xml]]>
              </value>
            </param>
          </params>
          <reporter-output>
          </reporter-output>
        </test-method> <!-- beforeClass -->
        <test-method status="PASS" signature="action(com.xuehai.model.Entity)[pri:0, instance:com.xuehai.response.testCase.Teacher.GetUsersShields@cb5822]" name="action" duration-ms="17" started-at="2020-06-10T15:09:34Z" description="增量获取屏蔽名单变更" data-provider="data" finished-at="2020-06-10T15:09:34Z">
          <params>
            <param index="0">
              <value>
                <![CDATA[Entity [id=case1, description=正常数据, domain=http://192.168.10.17:8084, url=/api/v1/users/152424/shields/, urlParam=, method=GET, header=[Authorization=Bearer eyJhbGciOiJIUzUxMiJ9.eyJ1aWQiOiIxNTI0MjQiLCJzdWIiOiJwdGxzMyIsImNyZWF0ZWQiOjE1OTE3NzI5NzQ1MjQsInJlcGVhdCI6ZmFsc2UsImF1dGhvcml0eSI6bnVsbCwiaXNzIjoiNmhTTmpXRzYzWGZlVGpTUDlrMTFVNHpCWHVFdUtpSkMiLCJleHAiOjE1OTIzNzc3NzQsInZlcnNpb24iOiIxMjcwNjE0MDY0NTg5OTYzMzMwIiwic2lkIjoiMTA0MWI1ZmU5OTEwNDc1OTg4ZmE4ODFlOGUzOGYyZGEifQ.idmsVcKnZrWuX-WieinF8qJyGZZvLWaaHIGRBE_GIpIZl1u7RWdTlEXzVQUcOTtHW8sHZfdcagDYH3HcZ5D5Cw,content-type=application/json], queryString=version=1558079165661&sign=446551792c3490f8a3f6cc8efe6cffe5&t=1591772974914, bodyData=, assertion={"invokeType":1,"action":"first","assertType":1,"assertKey":["responseCode"]}, authToken=null, sign=false, mock=null]]]>
              </value>
            </param>
          </params>
          <reporter-output>
          </reporter-output>
        </test-method> <!-- action -->
        <test-method status="PASS" signature="afterClass()[pri:0, instance:com.xuehai.response.testCase.Teacher.GetUsersShields@cb5822]" name="afterClass" is-config="true" duration-ms="41" started-at="2020-06-10T15:09:34Z" finished-at="2020-06-10T15:09:34Z">
          <reporter-output>
          </reporter-output>
        </test-method> <!-- afterClass -->
      </class> <!-- com.xuehai.response.testCase.Teacher.GetUsersShields -->
      <class name="com.xuehai.response.testCase.Teacher.PostClients">
        <test-method status="PASS" signature="beforeClass(java.lang.String)[pri:0, instance:com.xuehai.response.testCase.Teacher.PostClients@26be92ad]" name="beforeClass" is-config="true" duration-ms="4" started-at="2020-06-10T15:09:35Z" finished-at="2020-06-10T15:09:35Z">
          <params>
            <param index="0">
              <value>
                <![CDATA[src/test/resources/case.xml]]>
              </value>
            </param>
          </params>
          <reporter-output>
          </reporter-output>
        </test-method> <!-- beforeClass -->
        <test-method status="PASS" signature="action(com.xuehai.model.Entity)[pri:0, instance:com.xuehai.response.testCase.Teacher.PostClients@26be92ad]" name="action" duration-ms="18" started-at="2020-06-10T15:09:35Z" description="用户注册客户端" data-provider="data" finished-at="2020-06-10T15:09:35Z">
          <params>
            <param index="0">
              <value>
                <![CDATA[Entity [id=case1, description=正常数据, domain=http://192.168.10.17:8084, url=/api/v1/users/152424/clients/, urlParam=, method=POST, header=[Authorization=Bearer eyJhbGciOiJIUzUxMiJ9.eyJ1aWQiOiIxNTI0MjQiLCJzdWIiOiJwdGxzMyIsImNyZWF0ZWQiOjE1OTE3NzI5NzQ1MjQsInJlcGVhdCI6ZmFsc2UsImF1dGhvcml0eSI6bnVsbCwiaXNzIjoiNmhTTmpXRzYzWGZlVGpTUDlrMTFVNHpCWHVFdUtpSkMiLCJleHAiOjE1OTIzNzc3NzQsInZlcnNpb24iOiIxMjcwNjE0MDY0NTg5OTYzMzMwIiwic2lkIjoiMTA0MWI1ZmU5OTEwNDc1OTg4ZmE4ODFlOGUzOGYyZGEifQ.idmsVcKnZrWuX-WieinF8qJyGZZvLWaaHIGRBE_GIpIZl1u7RWdTlEXzVQUcOTtHW8sHZfdcagDYH3HcZ5D5Cw,content-type=application/json], queryString=&sign=735bf439b5c7b54c712e0d1611916161&t=1591772975738, bodyData={
	"clientId": "",
	"deviceId": "359675060144777",
	"versionName": "v1.10.9.20190524",
	"versionCode": 135
}, assertion={"invokeType":1,"action":"first","assertType":1,"assertKey":["responseCode"]}, authToken=null, sign=false, mock=null]]]>
              </value>
            </param>
          </params>
          <reporter-output>
          </reporter-output>
        </test-method> <!-- action -->
        <test-method status="PASS" signature="afterClass()[pri:0, instance:com.xuehai.response.testCase.Teacher.PostClients@26be92ad]" name="afterClass" is-config="true" duration-ms="58" started-at="2020-06-10T15:09:35Z" finished-at="2020-06-10T15:09:35Z">
          <reporter-output>
          </reporter-output>
        </test-method> <!-- afterClass -->
      </class> <!-- com.xuehai.response.testCase.Teacher.PostClients -->
      <class name="com.xuehai.response.testCase.Teacher.PutAgree">
        <test-method status="PASS" signature="beforeClass(java.lang.String)[pri:0, instance:com.xuehai.response.testCase.Teacher.PutAgree@55f3ddb1]" name="beforeClass" is-config="true" duration-ms="5" started-at="2020-06-10T15:09:34Z" finished-at="2020-06-10T15:09:34Z">
          <params>
            <param index="0">
              <value>
                <![CDATA[src/test/resources/case.xml]]>
              </value>
            </param>
          </params>
          <reporter-output>
          </reporter-output>
        </test-method> <!-- beforeClass -->
        <test-method status="PASS" signature="action(com.xuehai.model.Entity)[pri:0, instance:com.xuehai.response.testCase.Teacher.PutAgree@55f3ddb1]" name="action" duration-ms="52" started-at="2020-06-10T15:09:34Z" description="通过加好友请求" data-provider="data" finished-at="2020-06-10T15:09:34Z">
          <params>
            <param index="0">
              <value>
                <![CDATA[Entity [id=case1, description=正常数据, domain=http://192.168.10.17:8084, url=/api/v1/users/152424/friends/requests/4563/agree, urlParam=, method=PUT, header=[Authorization=Bearer eyJhbGciOiJIUzUxMiJ9.eyJ1aWQiOiIxNTI0MjQiLCJzdWIiOiJwdGxzMyIsImNyZWF0ZWQiOjE1OTE3NzI5NzQ1MjQsInJlcGVhdCI6ZmFsc2UsImF1dGhvcml0eSI6bnVsbCwiaXNzIjoiNmhTTmpXRzYzWGZlVGpTUDlrMTFVNHpCWHVFdUtpSkMiLCJleHAiOjE1OTIzNzc3NzQsInZlcnNpb24iOiIxMjcwNjE0MDY0NTg5OTYzMzMwIiwic2lkIjoiMTA0MWI1ZmU5OTEwNDc1OTg4ZmE4ODFlOGUzOGYyZGEifQ.idmsVcKnZrWuX-WieinF8qJyGZZvLWaaHIGRBE_GIpIZl1u7RWdTlEXzVQUcOTtHW8sHZfdcagDYH3HcZ5D5Cw,content-type=application/json], queryString=&sign=9e7b6d6e32e9524e51c5362b2378ab14&t=1591772974644, bodyData=, assertion={"invokeType":1,"action":"first","assertType":1,"assertKey":["responseCode"]}, authToken=null, sign=false, mock=null]]]>
              </value>
            </param>
          </params>
          <reporter-output>
          </reporter-output>
        </test-method> <!-- action -->
        <test-method status="PASS" signature="afterClass()[pri:0, instance:com.xuehai.response.testCase.Teacher.PutAgree@55f3ddb1]" name="afterClass" is-config="true" duration-ms="45" started-at="2020-06-10T15:09:34Z" finished-at="2020-06-10T15:09:34Z">
          <reporter-output>
          </reporter-output>
        </test-method> <!-- afterClass -->
      </class> <!-- com.xuehai.response.testCase.Teacher.PutAgree -->
      <class name="com.xuehai.response.testCase.Teacher.PostPlatformTeacherLogin">
        <test-method status="PASS" signature="beforeClass(java.lang.String)[pri:0, instance:com.xuehai.response.testCase.Teacher.PostPlatformTeacherLogin@cc285f4]" name="beforeClass" is-config="true" duration-ms="7" started-at="2020-06-10T15:09:34Z" finished-at="2020-06-10T15:09:34Z">
          <params>
            <param index="0">
              <value>
                <![CDATA[src/test/resources/case_login.xml]]>
              </value>
            </param>
          </params>
          <reporter-output>
          </reporter-output>
        </test-method> <!-- beforeClass -->
        <test-method status="PASS" signature="action(com.xuehai.model.Entity)[pri:0, instance:com.xuehai.response.testCase.Teacher.PostPlatformTeacherLogin@cc285f4]" name="action" duration-ms="275" started-at="2020-06-10T15:09:34Z" description="平台用户登录" data-provider="data" finished-at="2020-06-10T15:09:34Z">
          <params>
            <param index="0">
              <value>
                <![CDATA[Entity [id=Data, description=正常数据, domain=http://192.168.10.16:8083, url=/api/v1/platform/login, urlParam=, method=POST, header=[User-Agent=com.xuehai.response_launcher_teacher/test_v3.19.2.3.20190108T (SM-P350; android; 6.0.1;
                    R22J800VD8K),content-type=application/json], queryString=, bodyData={"userName":"ptls3","password":"43995EEB2A16F40436DEEC8A61BAD1BB","deviceId":"R22H600WG6Y","osDisplay":"LRX22G.P355CZCU1AOG1.ZHITONGYUN_V1.0","imei":"359675060144777","ap":"wifi","mac":"50:9E:A7:45:8C:9D","isNew":true}, assertion={"invokeType":1,"action":"first","assertType":1,"assertKey":["responseCode"]}, authToken=null, sign=false, mock=null]]]>
              </value>
            </param>
          </params>
          <reporter-output>
          </reporter-output>
        </test-method> <!-- action -->
        <test-method status="PASS" signature="afterClass()[pri:0, instance:com.xuehai.response.testCase.Teacher.PostPlatformTeacherLogin@cc285f4]" name="afterClass" is-config="true" duration-ms="49" started-at="2020-06-10T15:09:34Z" finished-at="2020-06-10T15:09:34Z">
          <reporter-output>
          </reporter-output>
        </test-method> <!-- afterClass -->
      </class> <!-- com.xuehai.response.testCase.Teacher.PostPlatformTeacherLogin -->
    </test> <!-- TestCaseTest -->
  </suite> <!-- Report -->
</testng-results>
