<?xml version="1.0" encoding="UTF-8"?>
<testng-results skipped="0" failed="0" ignored="0" total="2" passed="2">
  <reporter-output>
  </reporter-output>
  <suite name="Report" duration-ms="1361" started-at="2020-10-30T05:51:08Z" finished-at="2020-10-30T05:51:09Z">
    <groups>
    </groups>
    <test name="TestCaseTest" duration-ms="1361" started-at="2020-10-30T05:51:08Z" finished-at="2020-10-30T05:51:09Z">
      <class name="com.xuehai.response.testCase.Yunya.PostPlatformDoctorLogin">
        <test-method status="PASS" signature="beforeSuite(org.testng.ITestContext)[pri:0, instance:com.xuehai.response.testCase.Yunya.PostPlatformDoctorLogin@6cc4c815]" name="beforeSuite" is-config="true" duration-ms="342" started-at="2020-10-30T13:51:08Z" finished-at="2020-10-30T13:51:08Z">
          <params>
            <param index="0">
              <value>
                <![CDATA[org.testng.TestRunner@37f1104d]]>
              </value>
            </param>
          </params>
          <reporter-output>
          </reporter-output>
        </test-method> <!-- beforeSuite -->
        <test-method status="PASS" signature="beforeSuite(org.testng.ITestContext)[pri:0, instance:com.xuehai.response.testCase.Yunya.PostSystemMenuList@3a82f6ef]" name="beforeSuite" is-config="true" duration-ms="1" started-at="2020-10-30T13:51:08Z" finished-at="2020-10-30T13:51:08Z">
          <params>
            <param index="0">
              <value>
                <![CDATA[org.testng.TestRunner@37f1104d]]>
              </value>
            </param>
          </params>
          <reporter-output>
          </reporter-output>
        </test-method> <!-- beforeSuite -->
        <test-method status="PASS" signature="beforeClass(java.lang.String)[pri:0, instance:com.xuehai.response.testCase.Yunya.PostPlatformDoctorLogin@6cc4c815]" name="beforeClass" is-config="true" duration-ms="65" started-at="2020-10-30T13:51:08Z" finished-at="2020-10-30T13:51:08Z">
          <params>
            <param index="0">
              <value>
                <![CDATA[src/test/resources/case_DoctorLogin.xml]]>
              </value>
            </param>
          </params>
          <reporter-output>
          </reporter-output>
        </test-method> <!-- beforeClass -->
        <test-method status="PASS" signature="action(com.xuehai.model.Entity)[pri:0, instance:com.xuehai.response.testCase.Yunya.PostPlatformDoctorLogin@6cc4c815]" name="action" duration-ms="1180" started-at="2020-10-30T13:51:08Z" description="用户登录(医生)" data-provider="data" finished-at="2020-10-30T13:51:09Z">
          <params>
            <param index="0">
              <value>
                <![CDATA[Entity [id=Data, description=正常数据, domain=http://192.168.31.95, url=/api/auth/jwt/token, urlParam=, method=POST, header=[User-Agent=Mozilla/5.0 (Macintosh; Intel Mac OS X 10_14_6) AppleWebKit/537.36 (KHTML, like Gecko) Chrome/86.0.4240.80 Safari/537.36,content-type=application/json], queryString=, bodyData={"username":"18229148652","password":"123456"}, assertion={"invokeType":1,"action":"first","assertType":1,"assertKey":["responseCode"]}, authToken=null, sign=false, mock=null]]]>
              </value>
            </param>
          </params>
          <reporter-output>
          </reporter-output>
        </test-method> <!-- action -->
      </class> <!-- com.xuehai.response.testCase.Yunya.PostPlatformDoctorLogin -->
      <class name="com.xuehai.response.testCase.Yunya.PostSystemMenuList">
        <test-method status="PASS" signature="beforeClass(java.lang.String)[pri:0, instance:com.xuehai.response.testCase.Yunya.PostSystemMenuList@3a82f6ef]" name="beforeClass" is-config="true" duration-ms="2" started-at="2020-10-30T13:51:09Z" finished-at="2020-10-30T13:51:09Z">
          <params>
            <param index="0">
              <value>
                <![CDATA[src/test/resources/case_test.xml]]>
              </value>
            </param>
          </params>
          <reporter-output>
          </reporter-output>
        </test-method> <!-- beforeClass -->
        <test-method status="PASS" signature="action(com.xuehai.model.Entity)[pri:0, instance:com.xuehai.response.testCase.Yunya.PostSystemMenuList@3a82f6ef]" name="action" duration-ms="72" started-at="2020-10-30T13:51:09Z" description="获取用户菜单" data-provider="data" finished-at="2020-10-30T13:51:09Z">
          <params>
            <param index="0">
              <value>
                <![CDATA[Entity [id=case1, description=正常数据, domain=http://192.168.31.95, url=/api/system/menu/user/list, urlParam=, method=POST, header=[Authorization=eyJhbGciOiJSUzI1NiJ9.eyJzdWIiOiIxODIyOTE0ODY1MiIsImlhdCI6MTYwNDAzNzA2OSwidXNlcklkIjoiNTYzIiwibmFtZSI6IuW8oOaXoOW_jCIsImV4cCI6MTYwNDA1MTQ2OX0.VVtlRgsmUNCxrrYMiNWDKmOQcK8qnw98V7oEDpGLCl6s-yUHHLqbIQNGA9wMkWhPdoOoRflH0N7cEFRxaUJNgDKXXdycc3Ei614u6czU84jXpgJB1SqGef08u0z-f8XmxlyfyQhv2n9h28_diPfqItUKAhAi-cTmRNKP0CJG7OI,content-type=application/json], queryString=, bodyData={"userId":563,"orgId":42}, assertion={"invokeType":1,"action":"first","assertType":1,"assertKey":["responseCode"]}, authToken=null, sign=false, mock=null]]]>
              </value>
            </param>
          </params>
          <reporter-output>
          </reporter-output>
        </test-method> <!-- action -->
      </class> <!-- com.xuehai.response.testCase.Yunya.PostSystemMenuList -->
    </test> <!-- TestCaseTest -->
  </suite> <!-- Report -->
</testng-results>
